[0.011s] Invoking command in '/home/daniel/ros2_ws/src/edu_robocub_rescue_stack/build/edu_robocup_rescue_stack': CMAKE_PREFIX_PATH=${CMAKE_PREFIX_PATH}:/opt/ros/humble /usr/bin/cmake --build /home/daniel/ros2_ws/src/edu_robocub_rescue_stack/build/edu_robocup_rescue_stack -- -j8 -l8
[0.039s] [35m[1mConsolidate compiler generated dependencies of target edu_robocup_rescue_stack_node[0m
[0.060s] [ 14%] [32mBuilding CXX object CMakeFiles/edu_robocup_rescue_stack_node.dir/src/localisation.cpp.o[0m
[2.131s] [ 28%] [32m[1mLinking CXX executable edu_robocup_rescue_stack_node[0m
[3.385s] [100%] Built target edu_robocup_rescue_stack_node
[3.392s] Invoked command in '/home/daniel/ros2_ws/src/edu_robocub_rescue_stack/build/edu_robocup_rescue_stack' returned '0': CMAKE_PREFIX_PATH=${CMAKE_PREFIX_PATH}:/opt/ros/humble /usr/bin/cmake --build /home/daniel/ros2_ws/src/edu_robocub_rescue_stack/build/edu_robocup_rescue_stack -- -j8 -l8
[3.419s] Invoking command in '/home/daniel/ros2_ws/src/edu_robocub_rescue_stack/build/edu_robocup_rescue_stack': CMAKE_PREFIX_PATH=${CMAKE_PREFIX_PATH}:/opt/ros/humble /usr/bin/cmake --install /home/daniel/ros2_ws/src/edu_robocub_rescue_stack/build/edu_robocup_rescue_stack
[3.425s] -- Install configuration: ""
[3.425s] -- Installing: /home/daniel/ros2_ws/src/edu_robocub_rescue_stack/install/edu_robocup_rescue_stack/lib/edu_robocup_rescue_stack/edu_robocup_rescue_stack_node
[3.434s] -- Set runtime path of "/home/daniel/ros2_ws/src/edu_robocub_rescue_stack/install/edu_robocup_rescue_stack/lib/edu_robocup_rescue_stack/edu_robocup_rescue_stack_node" to ""
[3.434s] -- Up-to-date: /home/daniel/ros2_ws/src/edu_robocub_rescue_stack/install/edu_robocup_rescue_stack/share/edu_robocup_rescue_stack//launch
[3.434s] -- Up-to-date: /home/daniel/ros2_ws/src/edu_robocub_rescue_stack/install/edu_robocup_rescue_stack/share/edu_robocup_rescue_stack//launch/edu_control.launch.py
[3.434s] -- Up-to-date: /home/daniel/ros2_ws/src/edu_robocub_rescue_stack/install/edu_robocup_rescue_stack/share/edu_robocup_rescue_stack//launch/online_async_launch.py
[3.434s] -- Up-to-date: /home/daniel/ros2_ws/src/edu_robocub_rescue_stack/install/edu_robocup_rescue_stack/share/edu_robocup_rescue_stack//launch/amcl.launch.py
[3.434s] -- Up-to-date: /home/daniel/ros2_ws/src/edu_robocub_rescue_stack/install/edu_robocup_rescue_stack/share/edu_robocup_rescue_stack//launch/keepout.launch.py
[3.434s] -- Up-to-date: /home/daniel/ros2_ws/src/edu_robocub_rescue_stack/install/edu_robocup_rescue_stack/share/edu_robocup_rescue_stack//launch/navigation1.launch.py
[3.434s] -- Up-to-date: /home/daniel/ros2_ws/src/edu_robocub_rescue_stack/install/edu_robocup_rescue_stack/share/edu_robocup_rescue_stack//config
[3.434s] -- Up-to-date: /home/daniel/ros2_ws/src/edu_robocub_rescue_stack/install/edu_robocup_rescue_stack/share/edu_robocup_rescue_stack//config/ekf.yaml
[3.434s] -- Up-to-date: /home/daniel/ros2_ws/src/edu_robocub_rescue_stack/install/edu_robocup_rescue_stack/share/edu_robocup_rescue_stack//params
[3.434s] -- Up-to-date: /home/daniel/ros2_ws/src/edu_robocub_rescue_stack/install/edu_robocup_rescue_stack/share/edu_robocup_rescue_stack//params/nav2_edu_params.yaml
[3.434s] -- Up-to-date: /home/daniel/ros2_ws/src/edu_robocub_rescue_stack/install/edu_robocup_rescue_stack/share/edu_robocup_rescue_stack//map
[3.434s] -- Up-to-date: /home/daniel/ros2_ws/src/edu_robocub_rescue_stack/install/edu_robocup_rescue_stack/share/edu_robocup_rescue_stack//map/map1
[3.434s] -- Up-to-date: /home/daniel/ros2_ws/src/edu_robocub_rescue_stack/install/edu_robocup_rescue_stack/share/edu_robocup_rescue_stack//map/map1/map1.yaml
[3.434s] -- Up-to-date: /home/daniel/ros2_ws/src/edu_robocub_rescue_stack/install/edu_robocup_rescue_stack/share/edu_robocup_rescue_stack//map/map1/map1.pgm
[3.434s] -- Up-to-date: /home/daniel/ros2_ws/src/edu_robocub_rescue_stack/install/edu_robocup_rescue_stack/share/edu_robocup_rescue_stack//map/map_5.3.yaml
[3.435s] -- Up-to-date: /home/daniel/ros2_ws/src/edu_robocub_rescue_stack/install/edu_robocup_rescue_stack/share/edu_robocup_rescue_stack//map/map_5.4.yaml
[3.435s] -- Up-to-date: /home/daniel/ros2_ws/src/edu_robocub_rescue_stack/install/edu_robocup_rescue_stack/share/edu_robocup_rescue_stack//map/map_6.2.yaml
[3.435s] -- Up-to-date: /home/daniel/ros2_ws/src/edu_robocub_rescue_stack/install/edu_robocup_rescue_stack/share/edu_robocup_rescue_stack//map/map_neg.yaml
[3.435s] -- Up-to-date: /home/daniel/ros2_ws/src/edu_robocub_rescue_stack/install/edu_robocup_rescue_stack/share/edu_robocup_rescue_stack//map/map1.yaml
[3.435s] -- Up-to-date: /home/daniel/ros2_ws/src/edu_robocub_rescue_stack/install/edu_robocup_rescue_stack/share/edu_robocup_rescue_stack//map/map4
[3.435s] -- Up-to-date: /home/daniel/ros2_ws/src/edu_robocub_rescue_stack/install/edu_robocup_rescue_stack/share/edu_robocup_rescue_stack//map/map4/map4.yaml
[3.435s] -- Up-to-date: /home/daniel/ros2_ws/src/edu_robocub_rescue_stack/install/edu_robocup_rescue_stack/share/edu_robocup_rescue_stack//map/map4/map4.pgm
[3.435s] -- Up-to-date: /home/daniel/ros2_ws/src/edu_robocub_rescue_stack/install/edu_robocup_rescue_stack/share/edu_robocup_rescue_stack//map/map_5.2.yaml
[3.435s] -- Up-to-date: /home/daniel/ros2_ws/src/edu_robocub_rescue_stack/install/edu_robocup_rescue_stack/share/edu_robocup_rescue_stack//map/map_5.2.pgm
[3.435s] -- Up-to-date: /home/daniel/ros2_ws/src/edu_robocub_rescue_stack/install/edu_robocup_rescue_stack/share/edu_robocup_rescue_stack//map/map_5.1.pgm
[3.435s] -- Up-to-date: /home/daniel/ros2_ws/src/edu_robocub_rescue_stack/install/edu_robocup_rescue_stack/share/edu_robocup_rescue_stack//map/map_neg.pgm
[3.435s] -- Up-to-date: /home/daniel/ros2_ws/src/edu_robocub_rescue_stack/install/edu_robocup_rescue_stack/share/edu_robocup_rescue_stack//map/map_6.1.pgm
[3.435s] -- Up-to-date: /home/daniel/ros2_ws/src/edu_robocub_rescue_stack/install/edu_robocup_rescue_stack/share/edu_robocup_rescue_stack//map/map3.yaml
[3.435s] -- Up-to-date: /home/daniel/ros2_ws/src/edu_robocub_rescue_stack/install/edu_robocup_rescue_stack/share/edu_robocup_rescue_stack//map/map2.pgm
[3.435s] -- Up-to-date: /home/daniel/ros2_ws/src/edu_robocub_rescue_stack/install/edu_robocup_rescue_stack/share/edu_robocup_rescue_stack//map/map_7.1.yaml
[3.435s] -- Up-to-date: /home/daniel/ros2_ws/src/edu_robocub_rescue_stack/install/edu_robocup_rescue_stack/share/edu_robocup_rescue_stack//map/map_8.3.pgm
[3.435s] -- Up-to-date: /home/daniel/ros2_ws/src/edu_robocub_rescue_stack/install/edu_robocup_rescue_stack/share/edu_robocup_rescue_stack//map/map_8.4.yaml
[3.435s] -- Up-to-date: /home/daniel/ros2_ws/src/edu_robocub_rescue_stack/install/edu_robocup_rescue_stack/share/edu_robocup_rescue_stack//map/map3.pgm
[3.435s] -- Up-to-date: /home/daniel/ros2_ws/src/edu_robocub_rescue_stack/install/edu_robocup_rescue_stack/share/edu_robocup_rescue_stack//map/map_5.1.yaml
[3.435s] -- Up-to-date: /home/daniel/ros2_ws/src/edu_robocub_rescue_stack/install/edu_robocup_rescue_stack/share/edu_robocup_rescue_stack//map/map_9.1.yaml
[3.435s] -- Up-to-date: /home/daniel/ros2_ws/src/edu_robocub_rescue_stack/install/edu_robocup_rescue_stack/share/edu_robocup_rescue_stack//map/map4.yaml
[3.435s] -- Up-to-date: /home/daniel/ros2_ws/src/edu_robocub_rescue_stack/install/edu_robocup_rescue_stack/share/edu_robocup_rescue_stack//map/map_8.3.yaml
[3.435s] -- Up-to-date: /home/daniel/ros2_ws/src/edu_robocub_rescue_stack/install/edu_robocup_rescue_stack/share/edu_robocup_rescue_stack//map/map_9.1.pgm
[3.435s] -- Up-to-date: /home/daniel/ros2_ws/src/edu_robocub_rescue_stack/install/edu_robocup_rescue_stack/share/edu_robocup_rescue_stack//map/map_9.2.yaml
[3.435s] -- Up-to-date: /home/daniel/ros2_ws/src/edu_robocub_rescue_stack/install/edu_robocup_rescue_stack/share/edu_robocup_rescue_stack//map/map_8.2.pgm
[3.436s] -- Up-to-date: /home/daniel/ros2_ws/src/edu_robocub_rescue_stack/install/edu_robocup_rescue_stack/share/edu_robocup_rescue_stack//map/map_6.4.pgm
[3.436s] -- Up-to-date: /home/daniel/ros2_ws/src/edu_robocub_rescue_stack/install/edu_robocup_rescue_stack/share/edu_robocup_rescue_stack//map/map_8.1.yaml
[3.436s] -- Up-to-date: /home/daniel/ros2_ws/src/edu_robocub_rescue_stack/install/edu_robocup_rescue_stack/share/edu_robocup_rescue_stack//map/map_5.4.pgm
[3.436s] -- Up-to-date: /home/daniel/ros2_ws/src/edu_robocub_rescue_stack/install/edu_robocup_rescue_stack/share/edu_robocup_rescue_stack//map/map_6.3.pgm
[3.436s] -- Up-to-date: /home/daniel/ros2_ws/src/edu_robocub_rescue_stack/install/edu_robocup_rescue_stack/share/edu_robocup_rescue_stack//map/map_7.1.pgm
[3.436s] -- Up-to-date: /home/daniel/ros2_ws/src/edu_robocub_rescue_stack/install/edu_robocup_rescue_stack/share/edu_robocup_rescue_stack//map/map_6.2.pgm
[3.436s] -- Up-to-date: /home/daniel/ros2_ws/src/edu_robocub_rescue_stack/install/edu_robocup_rescue_stack/share/edu_robocup_rescue_stack//map/map_6.1.yaml
[3.436s] -- Up-to-date: /home/daniel/ros2_ws/src/edu_robocub_rescue_stack/install/edu_robocup_rescue_stack/share/edu_robocup_rescue_stack//map/map_8.4.pgm
[3.436s] -- Up-to-date: /home/daniel/ros2_ws/src/edu_robocub_rescue_stack/install/edu_robocup_rescue_stack/share/edu_robocup_rescue_stack//map/map_6.3.yaml
[3.436s] -- Up-to-date: /home/daniel/ros2_ws/src/edu_robocub_rescue_stack/install/edu_robocup_rescue_stack/share/edu_robocup_rescue_stack//map/map_9.2.pgm
[3.436s] -- Up-to-date: /home/daniel/ros2_ws/src/edu_robocub_rescue_stack/install/edu_robocup_rescue_stack/share/edu_robocup_rescue_stack//map/map_6.4.yaml
[3.436s] -- Up-to-date: /home/daniel/ros2_ws/src/edu_robocub_rescue_stack/install/edu_robocup_rescue_stack/share/edu_robocup_rescue_stack//map/map_5.3.pgm
[3.436s] -- Up-to-date: /home/daniel/ros2_ws/src/edu_robocub_rescue_stack/install/edu_robocup_rescue_stack/share/edu_robocup_rescue_stack//map/map4.pgm
[3.436s] -- Up-to-date: /home/daniel/ros2_ws/src/edu_robocub_rescue_stack/install/edu_robocup_rescue_stack/share/edu_robocup_rescue_stack//map/map_8.2.yaml
[3.436s] -- Up-to-date: /home/daniel/ros2_ws/src/edu_robocub_rescue_stack/install/edu_robocup_rescue_stack/share/edu_robocup_rescue_stack//map/map_8.1.pgm
[3.436s] -- Up-to-date: /home/daniel/ros2_ws/src/edu_robocub_rescue_stack/install/edu_robocup_rescue_stack/share/edu_robocup_rescue_stack//map/map2.yaml
[3.436s] -- Up-to-date: /home/daniel/ros2_ws/src/edu_robocub_rescue_stack/install/edu_robocup_rescue_stack/share/edu_robocup_rescue_stack//keepout
[3.437s] -- Up-to-date: /home/daniel/ros2_ws/src/edu_robocub_rescue_stack/install/edu_robocup_rescue_stack/share/edu_robocup_rescue_stack//keepout/keepout_8.1.yaml
[3.437s] -- Up-to-date: /home/daniel/ros2_ws/src/edu_robocub_rescue_stack/install/edu_robocup_rescue_stack/share/edu_robocup_rescue_stack//keepout/keepout_8.3.pgm
[3.437s] -- Up-to-date: /home/daniel/ros2_ws/src/edu_robocub_rescue_stack/install/edu_robocup_rescue_stack/share/edu_robocup_rescue_stack//keepout/keepout_8.3.yaml
[3.437s] -- Up-to-date: /home/daniel/ros2_ws/src/edu_robocub_rescue_stack/install/edu_robocup_rescue_stack/share/edu_robocup_rescue_stack//keepout/keepout_8.2.yaml
[3.437s] -- Up-to-date: /home/daniel/ros2_ws/src/edu_robocub_rescue_stack/install/edu_robocup_rescue_stack/share/edu_robocup_rescue_stack//keepout/keepout_8.2.xcf
[3.437s] -- Up-to-date: /home/daniel/ros2_ws/src/edu_robocub_rescue_stack/install/edu_robocup_rescue_stack/share/edu_robocup_rescue_stack//keepout/keepout_8.4.pgm
[3.437s] -- Up-to-date: /home/daniel/ros2_ws/src/edu_robocub_rescue_stack/install/edu_robocup_rescue_stack/share/edu_robocup_rescue_stack//keepout/keepout_8.1.pgm
[3.438s] -- Up-to-date: /home/daniel/ros2_ws/src/edu_robocub_rescue_stack/install/edu_robocup_rescue_stack/share/edu_robocup_rescue_stack//keepout/keepout_8.2.pgm
[3.438s] -- Up-to-date: /home/daniel/ros2_ws/src/edu_robocub_rescue_stack/install/edu_robocup_rescue_stack/share/edu_robocup_rescue_stack//keepout/keepout_8.4.yaml
[3.438s] -- Up-to-date: /home/daniel/ros2_ws/src/edu_robocub_rescue_stack/install/edu_robocup_rescue_stack/share/ament_index/resource_index/package_run_dependencies/edu_robocup_rescue_stack
[3.438s] -- Up-to-date: /home/daniel/ros2_ws/src/edu_robocub_rescue_stack/install/edu_robocup_rescue_stack/share/ament_index/resource_index/parent_prefix_path/edu_robocup_rescue_stack
[3.438s] -- Up-to-date: /home/daniel/ros2_ws/src/edu_robocub_rescue_stack/install/edu_robocup_rescue_stack/share/edu_robocup_rescue_stack/environment/ament_prefix_path.sh
[3.438s] -- Up-to-date: /home/daniel/ros2_ws/src/edu_robocub_rescue_stack/install/edu_robocup_rescue_stack/share/edu_robocup_rescue_stack/environment/ament_prefix_path.dsv
[3.438s] -- Up-to-date: /home/daniel/ros2_ws/src/edu_robocub_rescue_stack/install/edu_robocup_rescue_stack/share/edu_robocup_rescue_stack/environment/path.sh
[3.438s] -- Up-to-date: /home/daniel/ros2_ws/src/edu_robocub_rescue_stack/install/edu_robocup_rescue_stack/share/edu_robocup_rescue_stack/environment/path.dsv
[3.439s] -- Up-to-date: /home/daniel/ros2_ws/src/edu_robocub_rescue_stack/install/edu_robocup_rescue_stack/share/edu_robocup_rescue_stack/local_setup.bash
[3.439s] -- Up-to-date: /home/daniel/ros2_ws/src/edu_robocub_rescue_stack/install/edu_robocup_rescue_stack/share/edu_robocup_rescue_stack/local_setup.sh
[3.439s] -- Up-to-date: /home/daniel/ros2_ws/src/edu_robocub_rescue_stack/install/edu_robocup_rescue_stack/share/edu_robocup_rescue_stack/local_setup.zsh
[3.439s] -- Up-to-date: /home/daniel/ros2_ws/src/edu_robocub_rescue_stack/install/edu_robocup_rescue_stack/share/edu_robocup_rescue_stack/local_setup.dsv
[3.439s] -- Installing: /home/daniel/ros2_ws/src/edu_robocub_rescue_stack/install/edu_robocup_rescue_stack/share/edu_robocup_rescue_stack/package.dsv
[3.439s] -- Up-to-date: /home/daniel/ros2_ws/src/edu_robocub_rescue_stack/install/edu_robocup_rescue_stack/share/ament_index/resource_index/packages/edu_robocup_rescue_stack
[3.439s] -- Up-to-date: /home/daniel/ros2_ws/src/edu_robocub_rescue_stack/install/edu_robocup_rescue_stack/share/edu_robocup_rescue_stack/cmake/edu_robocup_rescue_stackConfig.cmake
[3.440s] -- Up-to-date: /home/daniel/ros2_ws/src/edu_robocub_rescue_stack/install/edu_robocup_rescue_stack/share/edu_robocup_rescue_stack/cmake/edu_robocup_rescue_stackConfig-version.cmake
[3.440s] -- Up-to-date: /home/daniel/ros2_ws/src/edu_robocub_rescue_stack/install/edu_robocup_rescue_stack/share/edu_robocup_rescue_stack/package.xml
[3.440s] Invoked command in '/home/daniel/ros2_ws/src/edu_robocub_rescue_stack/build/edu_robocup_rescue_stack' returned '0': CMAKE_PREFIX_PATH=${CMAKE_PREFIX_PATH}:/opt/ros/humble /usr/bin/cmake --install /home/daniel/ros2_ws/src/edu_robocub_rescue_stack/build/edu_robocup_rescue_stack
