[1.645s] DEBUG:colcon:Command line arguments: ['/usr/bin/colcon', 'build']
[1.646s] DEBUG:colcon:Parsed command line arguments: Namespace(log_base=None, log_level=None, verb_name='build', build_base='build', install_base='install', merge_install=False, symlink_install=False, test_result_base=None, continue_on_error=False, executor='parallel', parallel_workers=8, event_handlers=None, ignore_user_meta=False, metas=['./colcon.meta'], base_paths=['.'], packages_ignore=None, packages_ignore_regex=None, paths=None, packages_up_to=None, packages_up_to_regex=None, packages_above=None, packages_above_and_dependencies=None, packages_above_depth=None, packages_select_by_dep=None, packages_skip_by_dep=None, packages_skip_up_to=None, packages_select_build_failed=False, packages_skip_build_finished=False, packages_select_test_failures=False, packages_skip_test_passed=False, packages_select=None, packages_skip=None, packages_select_regex=None, packages_skip_regex=None, packages_start=None, packages_end=None, allow_overriding=[], cmake_args=None, cmake_target=None, cmake_target_skip_unavailable=False, cmake_clean_cache=False, cmake_clean_first=False, cmake_force_configure=False, ament_cmake_args=None, catkin_cmake_args=None, catkin_skip_building_tests=False, verb_parser=<colcon_defaults.argument_parser.defaults.DefaultArgumentsDecorator object at 0x7f4d94dd7ee0>, verb_extension=<colcon_core.verb.build.BuildVerb object at 0x7f4d94cd9b10>, main=<bound method BuildVerb.main of <colcon_core.verb.build.BuildVerb object at 0x7f4d94cd9b10>>)
[1.758s] Level 1:colcon.colcon_core.package_discovery:discover_packages(colcon_meta) check parameters
[1.758s] Level 1:colcon.colcon_core.package_discovery:discover_packages(recursive) check parameters
[1.758s] Level 1:colcon.colcon_core.package_discovery:discover_packages(ignore) check parameters
[1.758s] Level 1:colcon.colcon_core.package_discovery:discover_packages(path) check parameters
[1.758s] Level 1:colcon.colcon_core.package_discovery:discover_packages(colcon_meta) discover
[1.758s] Level 1:colcon.colcon_core.package_discovery:discover_packages(recursive) discover
[1.759s] INFO:colcon.colcon_core.package_discovery:Crawling recursively for packages in '/home/daniel/ros2_ws/src/edu_robocub_rescue_stack'
[1.759s] Level 1:colcon.colcon_core.package_identification:_identify(.) by extensions ['ignore', 'ignore_ament_install']
[1.759s] Level 1:colcon.colcon_core.package_identification:_identify(.) by extension 'ignore'
[1.760s] Level 1:colcon.colcon_core.package_identification:_identify(.) by extension 'ignore_ament_install'
[1.760s] Level 1:colcon.colcon_core.package_identification:_identify(.) by extensions ['colcon_pkg']
[1.760s] Level 1:colcon.colcon_core.package_identification:_identify(.) by extension 'colcon_pkg'
[1.760s] Level 1:colcon.colcon_core.package_identification:_identify(.) by extensions ['colcon_meta']
[1.760s] Level 1:colcon.colcon_core.package_identification:_identify(.) by extension 'colcon_meta'
[1.760s] Level 1:colcon.colcon_core.package_identification:_identify(.) by extensions ['ros']
[1.761s] Level 1:colcon.colcon_core.package_identification:_identify(.) by extension 'ros'
[1.818s] DEBUG:colcon.colcon_core.package_identification:Package '.' with type 'ros.ament_cmake' and name 'edu_robocup_rescue_stack'
[1.818s] Level 1:colcon.colcon_core.package_discovery:discover_packages(recursive) using defaults
[1.818s] Level 1:colcon.colcon_core.package_discovery:discover_packages(ignore) discover
[1.819s] Level 1:colcon.colcon_core.package_discovery:discover_packages(ignore) using defaults
[1.819s] Level 1:colcon.colcon_core.package_discovery:discover_packages(path) discover
[1.819s] Level 1:colcon.colcon_core.package_discovery:discover_packages(path) using defaults
[1.953s] Level 1:colcon.colcon_core.package_discovery:discover_packages(prefix_path) check parameters
[1.953s] Level 1:colcon.colcon_core.package_discovery:discover_packages(prefix_path) discover
[1.976s] DEBUG:colcon.colcon_installed_package_information.package_discovery:Found 34 installed packages in /home/daniel/ros2_ws/install
[1.981s] DEBUG:colcon.colcon_installed_package_information.package_discovery:Found 2 installed packages in /home/daniel/edu_ws_cpp/install
[1.991s] DEBUG:colcon.colcon_installed_package_information.package_discovery:Found 342 installed packages in /opt/ros/humble
[2.002s] Level 1:colcon.colcon_core.package_discovery:discover_packages(prefix_path) using defaults
[2.392s] Level 5:colcon.colcon_core.verb:set package 'edu_robocup_rescue_stack' build argument 'cmake_args' from command line to 'None'
[2.392s] Level 5:colcon.colcon_core.verb:set package 'edu_robocup_rescue_stack' build argument 'cmake_target' from command line to 'None'
[2.393s] Level 5:colcon.colcon_core.verb:set package 'edu_robocup_rescue_stack' build argument 'cmake_target_skip_unavailable' from command line to 'False'
[2.393s] Level 5:colcon.colcon_core.verb:set package 'edu_robocup_rescue_stack' build argument 'cmake_clean_cache' from command line to 'False'
[2.393s] Level 5:colcon.colcon_core.verb:set package 'edu_robocup_rescue_stack' build argument 'cmake_clean_first' from command line to 'False'
[2.393s] Level 5:colcon.colcon_core.verb:set package 'edu_robocup_rescue_stack' build argument 'cmake_force_configure' from command line to 'False'
[2.393s] Level 5:colcon.colcon_core.verb:set package 'edu_robocup_rescue_stack' build argument 'ament_cmake_args' from command line to 'None'
[2.394s] Level 5:colcon.colcon_core.verb:set package 'edu_robocup_rescue_stack' build argument 'catkin_cmake_args' from command line to 'None'
[2.394s] Level 5:colcon.colcon_core.verb:set package 'edu_robocup_rescue_stack' build argument 'catkin_skip_building_tests' from command line to 'False'
[2.394s] DEBUG:colcon.colcon_core.verb:Building package 'edu_robocup_rescue_stack' with the following arguments: {'ament_cmake_args': None, 'build_base': '/home/daniel/ros2_ws/src/edu_robocub_rescue_stack/build/edu_robocup_rescue_stack', 'catkin_cmake_args': None, 'catkin_skip_building_tests': False, 'cmake_args': None, 'cmake_clean_cache': False, 'cmake_clean_first': False, 'cmake_force_configure': False, 'cmake_target': None, 'cmake_target_skip_unavailable': False, 'install_base': '/home/daniel/ros2_ws/src/edu_robocub_rescue_stack/install/edu_robocup_rescue_stack', 'merge_install': False, 'path': '/home/daniel/ros2_ws/src/edu_robocub_rescue_stack', 'symlink_install': False, 'test_result_base': None}
[2.399s] INFO:colcon.colcon_core.executor:Executing jobs using 'parallel' executor
[2.419s] DEBUG:colcon.colcon_parallel_executor.executor.parallel:run_until_complete
[2.421s] INFO:colcon.colcon_ros.task.ament_cmake.build:Building ROS package in '/home/daniel/ros2_ws/src/edu_robocub_rescue_stack' with build type 'ament_cmake'
[2.422s] INFO:colcon.colcon_cmake.task.cmake.build:Building CMake package in '/home/daniel/ros2_ws/src/edu_robocub_rescue_stack'
[2.453s] INFO:colcon.colcon_core.plugin_system:Skipping extension 'colcon_core.shell.bat': Not used on non-Windows systems
[2.454s] INFO:colcon.colcon_core.shell:Skip shell extension 'powershell' for command environment: Not usable outside of PowerShell
[2.455s] DEBUG:colcon.colcon_core.shell:Skip shell extension 'dsv' for command environment
[2.545s] DEBUG:colcon.colcon_core.event_handler.log_command:Invoking command in '/home/daniel/ros2_ws/src/edu_robocub_rescue_stack/build/edu_robocup_rescue_stack': CMAKE_PREFIX_PATH=${CMAKE_PREFIX_PATH}:/home/daniel/ros2_ws/install/statistics_msgs:/home/daniel/ros2_ws/install/nav2_simple_commander:/home/daniel/ros2_ws/install/action_msgs:/opt/ros/humble /usr/bin/cmake --build /home/daniel/ros2_ws/src/edu_robocub_rescue_stack/build/edu_robocup_rescue_stack -- -j8 -l8
[26.477s] DEBUG:colcon.colcon_core.event_handler.log_command:Invoked command in '/home/daniel/ros2_ws/src/edu_robocub_rescue_stack/build/edu_robocup_rescue_stack' returned '0': CMAKE_PREFIX_PATH=${CMAKE_PREFIX_PATH}:/home/daniel/ros2_ws/install/statistics_msgs:/home/daniel/ros2_ws/install/nav2_simple_commander:/home/daniel/ros2_ws/install/action_msgs:/opt/ros/humble /usr/bin/cmake --build /home/daniel/ros2_ws/src/edu_robocub_rescue_stack/build/edu_robocup_rescue_stack -- -j8 -l8
[26.743s] DEBUG:colcon.colcon_core.event_handler.log_command:Invoking command in '/home/daniel/ros2_ws/src/edu_robocub_rescue_stack/build/edu_robocup_rescue_stack': CMAKE_PREFIX_PATH=${CMAKE_PREFIX_PATH}:/home/daniel/ros2_ws/install/statistics_msgs:/home/daniel/ros2_ws/install/nav2_simple_commander:/home/daniel/ros2_ws/install/action_msgs:/opt/ros/humble /usr/bin/cmake --install /home/daniel/ros2_ws/src/edu_robocub_rescue_stack/build/edu_robocup_rescue_stack
[26.847s] Level 1:colcon.colcon_core.environment:create_environment_scripts_only(edu_robocup_rescue_stack)
[26.868s] DEBUG:colcon.colcon_core.event_handler.log_command:Invoked command in '/home/daniel/ros2_ws/src/edu_robocub_rescue_stack/build/edu_robocup_rescue_stack' returned '0': CMAKE_PREFIX_PATH=${CMAKE_PREFIX_PATH}:/home/daniel/ros2_ws/install/statistics_msgs:/home/daniel/ros2_ws/install/nav2_simple_commander:/home/daniel/ros2_ws/install/action_msgs:/opt/ros/humble /usr/bin/cmake --install /home/daniel/ros2_ws/src/edu_robocub_rescue_stack/build/edu_robocup_rescue_stack
[26.883s] Level 1:colcon.colcon_core.environment:checking '/home/daniel/ros2_ws/src/edu_robocub_rescue_stack/install/edu_robocup_rescue_stack' for CMake module files
[26.884s] Level 1:colcon.colcon_core.environment:checking '/home/daniel/ros2_ws/src/edu_robocub_rescue_stack/install/edu_robocup_rescue_stack' for CMake config files
[26.886s] Level 1:colcon.colcon_core.shell:create_environment_hook('edu_robocup_rescue_stack', 'cmake_prefix_path')
[26.891s] INFO:colcon.colcon_core.shell:Creating environment hook '/home/daniel/ros2_ws/src/edu_robocub_rescue_stack/install/edu_robocup_rescue_stack/share/edu_robocup_rescue_stack/hook/cmake_prefix_path.ps1'
[26.894s] INFO:colcon.colcon_core.shell:Creating environment descriptor '/home/daniel/ros2_ws/src/edu_robocub_rescue_stack/install/edu_robocup_rescue_stack/share/edu_robocup_rescue_stack/hook/cmake_prefix_path.dsv'
[26.895s] INFO:colcon.colcon_core.shell:Creating environment hook '/home/daniel/ros2_ws/src/edu_robocub_rescue_stack/install/edu_robocup_rescue_stack/share/edu_robocup_rescue_stack/hook/cmake_prefix_path.sh'
[26.898s] Level 1:colcon.colcon_core.environment:checking '/home/daniel/ros2_ws/src/edu_robocub_rescue_stack/install/edu_robocup_rescue_stack/lib'
[26.898s] Level 1:colcon.colcon_core.environment:checking '/home/daniel/ros2_ws/src/edu_robocub_rescue_stack/install/edu_robocup_rescue_stack/bin'
[26.899s] Level 1:colcon.colcon_core.environment:checking '/home/daniel/ros2_ws/src/edu_robocub_rescue_stack/install/edu_robocup_rescue_stack/lib/pkgconfig/edu_robocup_rescue_stack.pc'
[26.899s] Level 1:colcon.colcon_core.environment:checking '/home/daniel/ros2_ws/src/edu_robocub_rescue_stack/install/edu_robocup_rescue_stack/lib/python3.10/site-packages'
[26.900s] Level 1:colcon.colcon_core.environment:checking '/home/daniel/ros2_ws/src/edu_robocub_rescue_stack/install/edu_robocup_rescue_stack/bin'
[26.906s] INFO:colcon.colcon_core.shell:Creating package script '/home/daniel/ros2_ws/src/edu_robocub_rescue_stack/install/edu_robocup_rescue_stack/share/edu_robocup_rescue_stack/package.ps1'
[26.908s] INFO:colcon.colcon_core.shell:Creating package descriptor '/home/daniel/ros2_ws/src/edu_robocub_rescue_stack/install/edu_robocup_rescue_stack/share/edu_robocup_rescue_stack/package.dsv'
[26.910s] INFO:colcon.colcon_core.shell:Creating package script '/home/daniel/ros2_ws/src/edu_robocub_rescue_stack/install/edu_robocup_rescue_stack/share/edu_robocup_rescue_stack/package.sh'
[26.914s] INFO:colcon.colcon_core.shell:Creating package script '/home/daniel/ros2_ws/src/edu_robocub_rescue_stack/install/edu_robocup_rescue_stack/share/edu_robocup_rescue_stack/package.bash'
[26.918s] INFO:colcon.colcon_core.shell:Creating package script '/home/daniel/ros2_ws/src/edu_robocub_rescue_stack/install/edu_robocup_rescue_stack/share/edu_robocup_rescue_stack/package.zsh'
[26.921s] Level 1:colcon.colcon_core.environment:create_file_with_runtime_dependencies(/home/daniel/ros2_ws/src/edu_robocub_rescue_stack/install/edu_robocup_rescue_stack/share/colcon-core/packages/edu_robocup_rescue_stack)
[27.175s] Level 1:colcon.colcon_core.environment:create_environment_scripts_only(edu_robocup_rescue_stack)
[27.186s] Level 1:colcon.colcon_core.environment:checking '/home/daniel/ros2_ws/src/edu_robocub_rescue_stack/install/edu_robocup_rescue_stack' for CMake module files
[27.190s] Level 1:colcon.colcon_core.environment:checking '/home/daniel/ros2_ws/src/edu_robocub_rescue_stack/install/edu_robocup_rescue_stack' for CMake config files
[27.191s] Level 1:colcon.colcon_core.shell:create_environment_hook('edu_robocup_rescue_stack', 'cmake_prefix_path')
[27.197s] INFO:colcon.colcon_core.shell:Creating environment hook '/home/daniel/ros2_ws/src/edu_robocub_rescue_stack/install/edu_robocup_rescue_stack/share/edu_robocup_rescue_stack/hook/cmake_prefix_path.ps1'
[27.199s] INFO:colcon.colcon_core.shell:Creating environment descriptor '/home/daniel/ros2_ws/src/edu_robocub_rescue_stack/install/edu_robocup_rescue_stack/share/edu_robocup_rescue_stack/hook/cmake_prefix_path.dsv'
[27.201s] INFO:colcon.colcon_core.shell:Creating environment hook '/home/daniel/ros2_ws/src/edu_robocub_rescue_stack/install/edu_robocup_rescue_stack/share/edu_robocup_rescue_stack/hook/cmake_prefix_path.sh'
[27.203s] Level 1:colcon.colcon_core.environment:checking '/home/daniel/ros2_ws/src/edu_robocub_rescue_stack/install/edu_robocup_rescue_stack/lib'
[27.203s] Level 1:colcon.colcon_core.environment:checking '/home/daniel/ros2_ws/src/edu_robocub_rescue_stack/install/edu_robocup_rescue_stack/bin'
[27.203s] Level 1:colcon.colcon_core.environment:checking '/home/daniel/ros2_ws/src/edu_robocub_rescue_stack/install/edu_robocup_rescue_stack/lib/pkgconfig/edu_robocup_rescue_stack.pc'
[27.205s] Level 1:colcon.colcon_core.environment:checking '/home/daniel/ros2_ws/src/edu_robocub_rescue_stack/install/edu_robocup_rescue_stack/lib/python3.10/site-packages'
[27.206s] Level 1:colcon.colcon_core.environment:checking '/home/daniel/ros2_ws/src/edu_robocub_rescue_stack/install/edu_robocup_rescue_stack/bin'
[27.214s] INFO:colcon.colcon_core.shell:Creating package script '/home/daniel/ros2_ws/src/edu_robocub_rescue_stack/install/edu_robocup_rescue_stack/share/edu_robocup_rescue_stack/package.ps1'
[27.216s] INFO:colcon.colcon_core.shell:Creating package descriptor '/home/daniel/ros2_ws/src/edu_robocub_rescue_stack/install/edu_robocup_rescue_stack/share/edu_robocup_rescue_stack/package.dsv'
[27.217s] INFO:colcon.colcon_core.shell:Creating package script '/home/daniel/ros2_ws/src/edu_robocub_rescue_stack/install/edu_robocup_rescue_stack/share/edu_robocup_rescue_stack/package.sh'
[27.219s] INFO:colcon.colcon_core.shell:Creating package script '/home/daniel/ros2_ws/src/edu_robocub_rescue_stack/install/edu_robocup_rescue_stack/share/edu_robocup_rescue_stack/package.bash'
[27.220s] INFO:colcon.colcon_core.shell:Creating package script '/home/daniel/ros2_ws/src/edu_robocub_rescue_stack/install/edu_robocup_rescue_stack/share/edu_robocup_rescue_stack/package.zsh'
[27.221s] Level 1:colcon.colcon_core.environment:create_file_with_runtime_dependencies(/home/daniel/ros2_ws/src/edu_robocub_rescue_stack/install/edu_robocup_rescue_stack/share/colcon-core/packages/edu_robocup_rescue_stack)
[27.222s] DEBUG:colcon.colcon_parallel_executor.executor.parallel:closing loop
[27.223s] DEBUG:colcon.colcon_parallel_executor.executor.parallel:loop closed
[27.224s] DEBUG:colcon.colcon_parallel_executor.executor.parallel:run_until_complete finished with '0'
[27.225s] DEBUG:colcon.colcon_core.event_reactor:joining thread
[27.256s] INFO:colcon.colcon_core.plugin_system:Skipping extension 'colcon_notification.desktop_notification.terminal_notifier': Not used on non-Darwin systems
[27.257s] INFO:colcon.colcon_core.plugin_system:Skipping extension 'colcon_notification.desktop_notification.win32': Not used on non-Windows systems
[27.257s] INFO:colcon.colcon_notification.desktop_notification:Sending desktop notification using 'notify2'
[27.319s] DEBUG:colcon.colcon_core.event_reactor:joined thread
[27.332s] INFO:colcon.colcon_core.shell:Creating prefix script '/home/daniel/ros2_ws/src/edu_robocub_rescue_stack/install/local_setup.ps1'
[27.338s] INFO:colcon.colcon_core.shell:Creating prefix util module '/home/daniel/ros2_ws/src/edu_robocub_rescue_stack/install/_local_setup_util_ps1.py'
[27.350s] INFO:colcon.colcon_core.shell:Creating prefix chain script '/home/daniel/ros2_ws/src/edu_robocub_rescue_stack/install/setup.ps1'
[27.367s] INFO:colcon.colcon_core.shell:Creating prefix script '/home/daniel/ros2_ws/src/edu_robocub_rescue_stack/install/local_setup.sh'
[27.371s] INFO:colcon.colcon_core.shell:Creating prefix util module '/home/daniel/ros2_ws/src/edu_robocub_rescue_stack/install/_local_setup_util_sh.py'
[27.375s] INFO:colcon.colcon_core.shell:Creating prefix chain script '/home/daniel/ros2_ws/src/edu_robocub_rescue_stack/install/setup.sh'
[27.392s] INFO:colcon.colcon_core.shell:Creating prefix script '/home/daniel/ros2_ws/src/edu_robocub_rescue_stack/install/local_setup.bash'
[27.396s] INFO:colcon.colcon_core.shell:Creating prefix chain script '/home/daniel/ros2_ws/src/edu_robocub_rescue_stack/install/setup.bash'
[27.412s] INFO:colcon.colcon_core.shell:Creating prefix script '/home/daniel/ros2_ws/src/edu_robocub_rescue_stack/install/local_setup.zsh'
[27.416s] INFO:colcon.colcon_core.shell:Creating prefix chain script '/home/daniel/ros2_ws/src/edu_robocub_rescue_stack/install/setup.zsh'
