[0.113s] Invoking command in '/home/daniel/ros2_ws/src/edu_robocub_rescue_stack/build/edu_robocup_rescue_stack': CMAKE_PREFIX_PATH=${CMAKE_PREFIX_PATH}:/home/daniel/ros2_ws/install/statistics_msgs:/home/daniel/ros2_ws/install/nav2_simple_commander:/home/daniel/ros2_ws/install/action_msgs:/opt/ros/humble /usr/bin/cmake --build /home/daniel/ros2_ws/src/edu_robocub_rescue_stack/build/edu_robocup_rescue_stack -- -j8 -l8
[0.451s] [100%] Built target edu_robocup_rescue_stack_node
[0.498s] Invoked command in '/home/daniel/ros2_ws/src/edu_robocub_rescue_stack/build/edu_robocup_rescue_stack' returned '0': CMAKE_PREFIX_PATH=${CMAKE_PREFIX_PATH}:/home/daniel/ros2_ws/install/statistics_msgs:/home/daniel/ros2_ws/install/nav2_simple_commander:/home/daniel/ros2_ws/install/action_msgs:/opt/ros/humble /usr/bin/cmake --build /home/daniel/ros2_ws/src/edu_robocub_rescue_stack/build/edu_robocup_rescue_stack -- -j8 -l8
[0.797s] Invoking command in '/home/daniel/ros2_ws/src/edu_robocub_rescue_stack/build/edu_robocup_rescue_stack': CMAKE_PREFIX_PATH=${CMAKE_PREFIX_PATH}:/home/daniel/ros2_ws/install/statistics_msgs:/home/daniel/ros2_ws/install/nav2_simple_commander:/home/daniel/ros2_ws/install/action_msgs:/opt/ros/humble /usr/bin/cmake --install /home/daniel/ros2_ws/src/edu_robocub_rescue_stack/build/edu_robocup_rescue_stack
[0.839s] -- Install configuration: ""
[0.840s] -- Up-to-date: /home/daniel/ros2_ws/src/edu_robocub_rescue_stack/install/edu_robocup_rescue_stack/lib/edu_robocup_rescue_stack/edu_robocup_rescue_stack_node
[0.840s] -- Up-to-date: /home/daniel/ros2_ws/src/edu_robocub_rescue_stack/install/edu_robocup_rescue_stack/share/edu_robocup_rescue_stack//launch
[0.841s] -- Installing: /home/daniel/ros2_ws/src/edu_robocub_rescue_stack/install/edu_robocup_rescue_stack/share/edu_robocup_rescue_stack//launch/navigation.launch.py
[0.842s] -- Up-to-date: /home/daniel/ros2_ws/src/edu_robocub_rescue_stack/install/edu_robocup_rescue_stack/share/edu_robocup_rescue_stack//launch/edu_control.launch.py
[0.842s] -- Up-to-date: /home/daniel/ros2_ws/src/edu_robocub_rescue_stack/install/edu_robocup_rescue_stack/share/edu_robocup_rescue_stack//launch/online_async_launch.py
[0.843s] -- Installing: /home/daniel/ros2_ws/src/edu_robocub_rescue_stack/install/edu_robocup_rescue_stack/share/edu_robocup_rescue_stack//launch/amcl.launch.py
[0.845s] -- Up-to-date: /home/daniel/ros2_ws/src/edu_robocub_rescue_stack/install/edu_robocup_rescue_stack/share/edu_robocup_rescue_stack//launch/keepout.launch.py
[0.846s] -- Up-to-date: /home/daniel/ros2_ws/src/edu_robocub_rescue_stack/install/edu_robocup_rescue_stack/share/edu_robocup_rescue_stack//config
[0.847s] -- Up-to-date: /home/daniel/ros2_ws/src/edu_robocub_rescue_stack/install/edu_robocup_rescue_stack/share/edu_robocup_rescue_stack//config/nav2_params.yaml
[0.847s] -- Up-to-date: /home/daniel/ros2_ws/src/edu_robocub_rescue_stack/install/edu_robocup_rescue_stack/share/edu_robocup_rescue_stack//config/mapper_params_online_sync.yaml
[0.848s] -- Up-to-date: /home/daniel/ros2_ws/src/edu_robocub_rescue_stack/install/edu_robocup_rescue_stack/share/edu_robocup_rescue_stack//params
[0.848s] -- Up-to-date: /home/daniel/ros2_ws/src/edu_robocub_rescue_stack/install/edu_robocup_rescue_stack/share/edu_robocup_rescue_stack//params/nav2_edu_params.yaml
[0.849s] -- Up-to-date: /home/daniel/ros2_ws/src/edu_robocub_rescue_stack/install/edu_robocup_rescue_stack/share/edu_robocup_rescue_stack//map
[0.850s] -- Up-to-date: /home/daniel/ros2_ws/src/edu_robocub_rescue_stack/install/edu_robocup_rescue_stack/share/edu_robocup_rescue_stack//map/map1
[0.850s] -- Up-to-date: /home/daniel/ros2_ws/src/edu_robocub_rescue_stack/install/edu_robocup_rescue_stack/share/edu_robocup_rescue_stack//map/map1/map1.yaml
[0.851s] -- Up-to-date: /home/daniel/ros2_ws/src/edu_robocub_rescue_stack/install/edu_robocup_rescue_stack/share/edu_robocup_rescue_stack//map/map1/map1.pgm
[0.851s] -- Up-to-date: /home/daniel/ros2_ws/src/edu_robocub_rescue_stack/install/edu_robocup_rescue_stack/share/edu_robocup_rescue_stack//map/map_5.3.yaml
[0.851s] -- Up-to-date: /home/daniel/ros2_ws/src/edu_robocub_rescue_stack/install/edu_robocup_rescue_stack/share/edu_robocup_rescue_stack//map/map_5.4.yaml
[0.852s] -- Up-to-date: /home/daniel/ros2_ws/src/edu_robocub_rescue_stack/install/edu_robocup_rescue_stack/share/edu_robocup_rescue_stack//map/map_6.2.yaml
[0.852s] -- Up-to-date: /home/daniel/ros2_ws/src/edu_robocub_rescue_stack/install/edu_robocup_rescue_stack/share/edu_robocup_rescue_stack//map/map_neg.yaml
[0.853s] -- Up-to-date: /home/daniel/ros2_ws/src/edu_robocub_rescue_stack/install/edu_robocup_rescue_stack/share/edu_robocup_rescue_stack//map/map1.yaml
[0.853s] -- Up-to-date: /home/daniel/ros2_ws/src/edu_robocub_rescue_stack/install/edu_robocup_rescue_stack/share/edu_robocup_rescue_stack//map/map4
[0.853s] -- Up-to-date: /home/daniel/ros2_ws/src/edu_robocub_rescue_stack/install/edu_robocup_rescue_stack/share/edu_robocup_rescue_stack//map/map4/map4.yaml
[0.854s] -- Up-to-date: /home/daniel/ros2_ws/src/edu_robocub_rescue_stack/install/edu_robocup_rescue_stack/share/edu_robocup_rescue_stack//map/map4/map4.pgm
[0.854s] -- Up-to-date: /home/daniel/ros2_ws/src/edu_robocub_rescue_stack/install/edu_robocup_rescue_stack/share/edu_robocup_rescue_stack//map/map_5.2.yaml
[0.855s] -- Up-to-date: /home/daniel/ros2_ws/src/edu_robocub_rescue_stack/install/edu_robocup_rescue_stack/share/edu_robocup_rescue_stack//map/map_5.2.pgm
[0.855s] -- Up-to-date: /home/daniel/ros2_ws/src/edu_robocub_rescue_stack/install/edu_robocup_rescue_stack/share/edu_robocup_rescue_stack//map/map_5.1.pgm
[0.855s] -- Up-to-date: /home/daniel/ros2_ws/src/edu_robocub_rescue_stack/install/edu_robocup_rescue_stack/share/edu_robocup_rescue_stack//map/map_neg.pgm
[0.856s] -- Up-to-date: /home/daniel/ros2_ws/src/edu_robocub_rescue_stack/install/edu_robocup_rescue_stack/share/edu_robocup_rescue_stack//map/map_6.1.pgm
[0.860s] -- Up-to-date: /home/daniel/ros2_ws/src/edu_robocub_rescue_stack/install/edu_robocup_rescue_stack/share/edu_robocup_rescue_stack//map/map3.yaml
[0.861s] -- Up-to-date: /home/daniel/ros2_ws/src/edu_robocub_rescue_stack/install/edu_robocup_rescue_stack/share/edu_robocup_rescue_stack//map/map2.pgm
[0.861s] -- Up-to-date: /home/daniel/ros2_ws/src/edu_robocub_rescue_stack/install/edu_robocup_rescue_stack/share/edu_robocup_rescue_stack//map/map_7.1.yaml
[0.862s] -- Up-to-date: /home/daniel/ros2_ws/src/edu_robocub_rescue_stack/install/edu_robocup_rescue_stack/share/edu_robocup_rescue_stack//map/map_1671210809.pgm
[0.862s] -- Up-to-date: /home/daniel/ros2_ws/src/edu_robocub_rescue_stack/install/edu_robocup_rescue_stack/share/edu_robocup_rescue_stack//map/map3.pgm
[0.862s] -- Up-to-date: /home/daniel/ros2_ws/src/edu_robocub_rescue_stack/install/edu_robocup_rescue_stack/share/edu_robocup_rescue_stack//map/map_5.1.yaml
[0.862s] -- Up-to-date: /home/daniel/ros2_ws/src/edu_robocub_rescue_stack/install/edu_robocup_rescue_stack/share/edu_robocup_rescue_stack//map/map4.yaml
[0.865s] -- Up-to-date: /home/daniel/ros2_ws/src/edu_robocub_rescue_stack/install/edu_robocup_rescue_stack/share/edu_robocup_rescue_stack//map/map_6.4.pgm
[0.866s] -- Up-to-date: /home/daniel/ros2_ws/src/edu_robocub_rescue_stack/install/edu_robocup_rescue_stack/share/edu_robocup_rescue_stack//map/map_1671210809.yaml
[0.866s] -- Up-to-date: /home/daniel/ros2_ws/src/edu_robocub_rescue_stack/install/edu_robocup_rescue_stack/share/edu_robocup_rescue_stack//map/map_5.4.pgm
[0.867s] -- Up-to-date: /home/daniel/ros2_ws/src/edu_robocub_rescue_stack/install/edu_robocup_rescue_stack/share/edu_robocup_rescue_stack//map/map_6.3.pgm
[0.867s] -- Up-to-date: /home/daniel/ros2_ws/src/edu_robocub_rescue_stack/install/edu_robocup_rescue_stack/share/edu_robocup_rescue_stack//map/map_7.1.pgm
[0.868s] -- Up-to-date: /home/daniel/ros2_ws/src/edu_robocub_rescue_stack/install/edu_robocup_rescue_stack/share/edu_robocup_rescue_stack//map/map_6.2.pgm
[0.869s] -- Up-to-date: /home/daniel/ros2_ws/src/edu_robocub_rescue_stack/install/edu_robocup_rescue_stack/share/edu_robocup_rescue_stack//map/map_6.1.yaml
[0.869s] -- Up-to-date: /home/daniel/ros2_ws/src/edu_robocub_rescue_stack/install/edu_robocup_rescue_stack/share/edu_robocup_rescue_stack//map/map_6.3.yaml
[0.870s] -- Up-to-date: /home/daniel/ros2_ws/src/edu_robocub_rescue_stack/install/edu_robocup_rescue_stack/share/edu_robocup_rescue_stack//map/map_6.4.yaml
[0.870s] -- Up-to-date: /home/daniel/ros2_ws/src/edu_robocub_rescue_stack/install/edu_robocup_rescue_stack/share/edu_robocup_rescue_stack//map/map_5.3.pgm
[0.871s] -- Up-to-date: /home/daniel/ros2_ws/src/edu_robocub_rescue_stack/install/edu_robocup_rescue_stack/share/edu_robocup_rescue_stack//map/map4.pgm
[0.871s] -- Up-to-date: /home/daniel/ros2_ws/src/edu_robocub_rescue_stack/install/edu_robocup_rescue_stack/share/edu_robocup_rescue_stack//map/map2.yaml
[0.872s] -- Up-to-date: /home/daniel/ros2_ws/src/edu_robocub_rescue_stack/install/edu_robocup_rescue_stack/share/edu_robocup_rescue_stack//keepout
[0.872s] -- Up-to-date: /home/daniel/ros2_ws/src/edu_robocub_rescue_stack/install/edu_robocup_rescue_stack/share/edu_robocup_rescue_stack//keepout/keepout_6.1.yaml
[0.872s] -- Up-to-date: /home/daniel/ros2_ws/src/edu_robocub_rescue_stack/install/edu_robocup_rescue_stack/share/edu_robocup_rescue_stack//keepout/keepout_6.2.pgm
[0.873s] -- Up-to-date: /home/daniel/ros2_ws/src/edu_robocub_rescue_stack/install/edu_robocup_rescue_stack/share/edu_robocup_rescue_stack//keepout/keepout_6.3.pgm
[0.873s] -- Up-to-date: /home/daniel/ros2_ws/src/edu_robocub_rescue_stack/install/edu_robocup_rescue_stack/share/edu_robocup_rescue_stack//keepout/keepout_6.4.yaml
[0.874s] -- Up-to-date: /home/daniel/ros2_ws/src/edu_robocub_rescue_stack/install/edu_robocup_rescue_stack/share/edu_robocup_rescue_stack//keepout/keepout_6.2.yaml
[0.874s] -- Up-to-date: /home/daniel/ros2_ws/src/edu_robocub_rescue_stack/install/edu_robocup_rescue_stack/share/edu_robocup_rescue_stack//keepout/keepout_6.4.pgm
[0.875s] -- Up-to-date: /home/daniel/ros2_ws/src/edu_robocub_rescue_stack/install/edu_robocup_rescue_stack/share/edu_robocup_rescue_stack//keepout/keepout_6.3.yaml
[0.875s] -- Up-to-date: /home/daniel/ros2_ws/src/edu_robocub_rescue_stack/install/edu_robocup_rescue_stack/share/edu_robocup_rescue_stack//keepout/keepout_6.1.pgm
[0.875s] -- Up-to-date: /home/daniel/ros2_ws/src/edu_robocub_rescue_stack/install/edu_robocup_rescue_stack/share/ament_index/resource_index/package_run_dependencies/edu_robocup_rescue_stack
[0.876s] -- Up-to-date: /home/daniel/ros2_ws/src/edu_robocub_rescue_stack/install/edu_robocup_rescue_stack/share/ament_index/resource_index/parent_prefix_path/edu_robocup_rescue_stack
[0.877s] -- Up-to-date: /home/daniel/ros2_ws/src/edu_robocub_rescue_stack/install/edu_robocup_rescue_stack/share/edu_robocup_rescue_stack/environment/ament_prefix_path.sh
[0.877s] -- Up-to-date: /home/daniel/ros2_ws/src/edu_robocub_rescue_stack/install/edu_robocup_rescue_stack/share/edu_robocup_rescue_stack/environment/ament_prefix_path.dsv
[0.877s] -- Up-to-date: /home/daniel/ros2_ws/src/edu_robocub_rescue_stack/install/edu_robocup_rescue_stack/share/edu_robocup_rescue_stack/environment/path.sh
[0.877s] -- Up-to-date: /home/daniel/ros2_ws/src/edu_robocub_rescue_stack/install/edu_robocup_rescue_stack/share/edu_robocup_rescue_stack/environment/path.dsv
[0.878s] -- Up-to-date: /home/daniel/ros2_ws/src/edu_robocub_rescue_stack/install/edu_robocup_rescue_stack/share/edu_robocup_rescue_stack/local_setup.bash
[0.878s] -- Up-to-date: /home/daniel/ros2_ws/src/edu_robocub_rescue_stack/install/edu_robocup_rescue_stack/share/edu_robocup_rescue_stack/local_setup.sh
[0.878s] -- Up-to-date: /home/daniel/ros2_ws/src/edu_robocub_rescue_stack/install/edu_robocup_rescue_stack/share/edu_robocup_rescue_stack/local_setup.zsh
[0.878s] -- Up-to-date: /home/daniel/ros2_ws/src/edu_robocub_rescue_stack/install/edu_robocup_rescue_stack/share/edu_robocup_rescue_stack/local_setup.dsv
[0.879s] -- Installing: /home/daniel/ros2_ws/src/edu_robocub_rescue_stack/install/edu_robocup_rescue_stack/share/edu_robocup_rescue_stack/package.dsv
[0.879s] -- Up-to-date: /home/daniel/ros2_ws/src/edu_robocub_rescue_stack/install/edu_robocup_rescue_stack/share/ament_index/resource_index/packages/edu_robocup_rescue_stack
[0.879s] -- Up-to-date: /home/daniel/ros2_ws/src/edu_robocub_rescue_stack/install/edu_robocup_rescue_stack/share/edu_robocup_rescue_stack/cmake/edu_robocup_rescue_stackConfig.cmake
[0.879s] -- Up-to-date: /home/daniel/ros2_ws/src/edu_robocub_rescue_stack/install/edu_robocup_rescue_stack/share/edu_robocup_rescue_stack/cmake/edu_robocup_rescue_stackConfig-version.cmake
[0.880s] -- Up-to-date: /home/daniel/ros2_ws/src/edu_robocub_rescue_stack/install/edu_robocup_rescue_stack/share/edu_robocup_rescue_stack/package.xml
[0.880s] Invoked command in '/home/daniel/ros2_ws/src/edu_robocub_rescue_stack/build/edu_robocup_rescue_stack' returned '0': CMAKE_PREFIX_PATH=${CMAKE_PREFIX_PATH}:/home/daniel/ros2_ws/install/statistics_msgs:/home/daniel/ros2_ws/install/nav2_simple_commander:/home/daniel/ros2_ws/install/action_msgs:/opt/ros/humble /usr/bin/cmake --install /home/daniel/ros2_ws/src/edu_robocub_rescue_stack/build/edu_robocup_rescue_stack
