[0.226s] DEBUG:colcon:Command line arguments: ['/usr/bin/colcon', 'build']
[0.226s] DEBUG:colcon:Parsed command line arguments: Namespace(log_base=None, log_level=None, verb_name='build', build_base='build', install_base='install', merge_install=False, symlink_install=False, test_result_base=None, continue_on_error=False, executor='parallel', parallel_workers=8, event_handlers=None, ignore_user_meta=False, metas=['./colcon.meta'], base_paths=['.'], packages_ignore=None, packages_ignore_regex=None, paths=None, packages_up_to=None, packages_up_to_regex=None, packages_above=None, packages_above_and_dependencies=None, packages_above_depth=None, packages_select_by_dep=None, packages_skip_by_dep=None, packages_skip_up_to=None, packages_select_build_failed=False, packages_skip_build_finished=False, packages_select_test_failures=False, packages_skip_test_passed=False, packages_select=None, packages_skip=None, packages_select_regex=None, packages_skip_regex=None, packages_start=None, packages_end=None, allow_overriding=[], cmake_args=None, cmake_target=None, cmake_target_skip_unavailable=False, cmake_clean_cache=False, cmake_clean_first=False, cmake_force_configure=False, ament_cmake_args=None, catkin_cmake_args=None, catkin_skip_building_tests=False, verb_parser=<colcon_defaults.argument_parser.defaults.DefaultArgumentsDecorator object at 0x7f75ac30c100>, verb_extension=<colcon_core.verb.build.BuildVerb object at 0x7f75ac3bdde0>, main=<bound method BuildVerb.main of <colcon_core.verb.build.BuildVerb object at 0x7f75ac3bdde0>>)
[0.242s] Level 1:colcon.colcon_core.package_discovery:discover_packages(colcon_meta) check parameters
[0.242s] Level 1:colcon.colcon_core.package_discovery:discover_packages(recursive) check parameters
[0.242s] Level 1:colcon.colcon_core.package_discovery:discover_packages(ignore) check parameters
[0.242s] Level 1:colcon.colcon_core.package_discovery:discover_packages(path) check parameters
[0.242s] Level 1:colcon.colcon_core.package_discovery:discover_packages(colcon_meta) discover
[0.242s] Level 1:colcon.colcon_core.package_discovery:discover_packages(recursive) discover
[0.243s] INFO:colcon.colcon_core.package_discovery:Crawling recursively for packages in '/home/daniel/ros2_ws/src/edu_robocub_rescue_stack'
[0.243s] Level 1:colcon.colcon_core.package_identification:_identify(.) by extensions ['ignore', 'ignore_ament_install']
[0.243s] Level 1:colcon.colcon_core.package_identification:_identify(.) by extension 'ignore'
[0.243s] Level 1:colcon.colcon_core.package_identification:_identify(.) by extension 'ignore_ament_install'
[0.243s] Level 1:colcon.colcon_core.package_identification:_identify(.) by extensions ['colcon_pkg']
[0.243s] Level 1:colcon.colcon_core.package_identification:_identify(.) by extension 'colcon_pkg'
[0.243s] Level 1:colcon.colcon_core.package_identification:_identify(.) by extensions ['colcon_meta']
[0.243s] Level 1:colcon.colcon_core.package_identification:_identify(.) by extension 'colcon_meta'
[0.243s] Level 1:colcon.colcon_core.package_identification:_identify(.) by extensions ['ros']
[0.243s] Level 1:colcon.colcon_core.package_identification:_identify(.) by extension 'ros'
[0.252s] DEBUG:colcon.colcon_core.package_identification:Package '.' with type 'ros.ament_cmake' and name 'edu_robocup_rescue_stack'
[0.252s] Level 1:colcon.colcon_core.package_discovery:discover_packages(recursive) using defaults
[0.252s] Level 1:colcon.colcon_core.package_discovery:discover_packages(ignore) discover
[0.252s] Level 1:colcon.colcon_core.package_discovery:discover_packages(ignore) using defaults
[0.252s] Level 1:colcon.colcon_core.package_discovery:discover_packages(path) discover
[0.252s] Level 1:colcon.colcon_core.package_discovery:discover_packages(path) using defaults
[0.269s] Level 1:colcon.colcon_core.package_discovery:discover_packages(prefix_path) check parameters
[0.269s] Level 1:colcon.colcon_core.package_discovery:discover_packages(prefix_path) discover
[0.271s] DEBUG:colcon.colcon_installed_package_information.package_discovery:Found 34 installed packages in /home/daniel/ros2_ws/install
[0.273s] DEBUG:colcon.colcon_installed_package_information.package_discovery:Found 342 installed packages in /opt/ros/humble
[0.274s] Level 1:colcon.colcon_core.package_discovery:discover_packages(prefix_path) using defaults
[0.317s] Level 5:colcon.colcon_core.verb:set package 'edu_robocup_rescue_stack' build argument 'cmake_args' from command line to 'None'
[0.317s] Level 5:colcon.colcon_core.verb:set package 'edu_robocup_rescue_stack' build argument 'cmake_target' from command line to 'None'
[0.317s] Level 5:colcon.colcon_core.verb:set package 'edu_robocup_rescue_stack' build argument 'cmake_target_skip_unavailable' from command line to 'False'
[0.317s] Level 5:colcon.colcon_core.verb:set package 'edu_robocup_rescue_stack' build argument 'cmake_clean_cache' from command line to 'False'
[0.317s] Level 5:colcon.colcon_core.verb:set package 'edu_robocup_rescue_stack' build argument 'cmake_clean_first' from command line to 'False'
[0.317s] Level 5:colcon.colcon_core.verb:set package 'edu_robocup_rescue_stack' build argument 'cmake_force_configure' from command line to 'False'
[0.317s] Level 5:colcon.colcon_core.verb:set package 'edu_robocup_rescue_stack' build argument 'ament_cmake_args' from command line to 'None'
[0.317s] Level 5:colcon.colcon_core.verb:set package 'edu_robocup_rescue_stack' build argument 'catkin_cmake_args' from command line to 'None'
[0.317s] Level 5:colcon.colcon_core.verb:set package 'edu_robocup_rescue_stack' build argument 'catkin_skip_building_tests' from command line to 'False'
[0.317s] DEBUG:colcon.colcon_core.verb:Building package 'edu_robocup_rescue_stack' with the following arguments: {'ament_cmake_args': None, 'build_base': '/home/daniel/ros2_ws/src/edu_robocub_rescue_stack/build/edu_robocup_rescue_stack', 'catkin_cmake_args': None, 'catkin_skip_building_tests': False, 'cmake_args': None, 'cmake_clean_cache': False, 'cmake_clean_first': False, 'cmake_force_configure': False, 'cmake_target': None, 'cmake_target_skip_unavailable': False, 'install_base': '/home/daniel/ros2_ws/src/edu_robocub_rescue_stack/install/edu_robocup_rescue_stack', 'merge_install': False, 'path': '/home/daniel/ros2_ws/src/edu_robocub_rescue_stack', 'symlink_install': False, 'test_result_base': None}
[0.318s] INFO:colcon.colcon_core.executor:Executing jobs using 'parallel' executor
[0.320s] DEBUG:colcon.colcon_parallel_executor.executor.parallel:run_until_complete
[0.320s] INFO:colcon.colcon_ros.task.ament_cmake.build:Building ROS package in '/home/daniel/ros2_ws/src/edu_robocub_rescue_stack' with build type 'ament_cmake'
[0.320s] INFO:colcon.colcon_cmake.task.cmake.build:Building CMake package in '/home/daniel/ros2_ws/src/edu_robocub_rescue_stack'
[0.323s] INFO:colcon.colcon_core.plugin_system:Skipping extension 'colcon_core.shell.bat': Not used on non-Windows systems
[0.324s] INFO:colcon.colcon_core.shell:Skip shell extension 'powershell' for command environment: Not usable outside of PowerShell
[0.324s] DEBUG:colcon.colcon_core.shell:Skip shell extension 'dsv' for command environment
[0.332s] DEBUG:colcon.colcon_core.event_handler.log_command:Invoking command in '/home/daniel/ros2_ws/src/edu_robocub_rescue_stack/build/edu_robocup_rescue_stack': CMAKE_PREFIX_PATH=${CMAKE_PREFIX_PATH}:/home/daniel/ros2_ws/install/statistics_msgs:/home/daniel/ros2_ws/install/nav2_simple_commander:/home/daniel/ros2_ws/install/action_msgs:/opt/ros/humble /usr/bin/cmake /home/daniel/ros2_ws/src/edu_robocub_rescue_stack -DCMAKE_INSTALL_PREFIX=/home/daniel/ros2_ws/src/edu_robocub_rescue_stack/install/edu_robocup_rescue_stack
[2.648s] DEBUG:colcon.colcon_core.event_handler.log_command:Invoked command in '/home/daniel/ros2_ws/src/edu_robocub_rescue_stack/build/edu_robocup_rescue_stack' returned '0': CMAKE_PREFIX_PATH=${CMAKE_PREFIX_PATH}:/home/daniel/ros2_ws/install/statistics_msgs:/home/daniel/ros2_ws/install/nav2_simple_commander:/home/daniel/ros2_ws/install/action_msgs:/opt/ros/humble /usr/bin/cmake /home/daniel/ros2_ws/src/edu_robocub_rescue_stack -DCMAKE_INSTALL_PREFIX=/home/daniel/ros2_ws/src/edu_robocub_rescue_stack/install/edu_robocup_rescue_stack
[2.650s] DEBUG:colcon.colcon_core.event_handler.log_command:Invoking command in '/home/daniel/ros2_ws/src/edu_robocub_rescue_stack/build/edu_robocup_rescue_stack': CMAKE_PREFIX_PATH=${CMAKE_PREFIX_PATH}:/home/daniel/ros2_ws/install/statistics_msgs:/home/daniel/ros2_ws/install/nav2_simple_commander:/home/daniel/ros2_ws/install/action_msgs:/opt/ros/humble /usr/bin/cmake --build /home/daniel/ros2_ws/src/edu_robocub_rescue_stack/build/edu_robocup_rescue_stack -- -j8 -l8
[20.237s] DEBUG:colcon.colcon_core.event_handler.log_command:Invoked command in '/home/daniel/ros2_ws/src/edu_robocub_rescue_stack/build/edu_robocup_rescue_stack' returned '0': CMAKE_PREFIX_PATH=${CMAKE_PREFIX_PATH}:/home/daniel/ros2_ws/install/statistics_msgs:/home/daniel/ros2_ws/install/nav2_simple_commander:/home/daniel/ros2_ws/install/action_msgs:/opt/ros/humble /usr/bin/cmake --build /home/daniel/ros2_ws/src/edu_robocub_rescue_stack/build/edu_robocup_rescue_stack -- -j8 -l8
[20.281s] DEBUG:colcon.colcon_core.event_handler.log_command:Invoking command in '/home/daniel/ros2_ws/src/edu_robocub_rescue_stack/build/edu_robocup_rescue_stack': CMAKE_PREFIX_PATH=${CMAKE_PREFIX_PATH}:/home/daniel/ros2_ws/install/statistics_msgs:/home/daniel/ros2_ws/install/nav2_simple_commander:/home/daniel/ros2_ws/install/action_msgs:/opt/ros/humble /usr/bin/cmake --install /home/daniel/ros2_ws/src/edu_robocub_rescue_stack/build/edu_robocup_rescue_stack
[20.301s] Level 1:colcon.colcon_core.environment:create_environment_scripts_only(edu_robocup_rescue_stack)
[20.301s] DEBUG:colcon.colcon_core.event_handler.log_command:Invoked command in '/home/daniel/ros2_ws/src/edu_robocub_rescue_stack/build/edu_robocup_rescue_stack' returned '0': CMAKE_PREFIX_PATH=${CMAKE_PREFIX_PATH}:/home/daniel/ros2_ws/install/statistics_msgs:/home/daniel/ros2_ws/install/nav2_simple_commander:/home/daniel/ros2_ws/install/action_msgs:/opt/ros/humble /usr/bin/cmake --install /home/daniel/ros2_ws/src/edu_robocub_rescue_stack/build/edu_robocup_rescue_stack
[20.304s] Level 1:colcon.colcon_core.environment:checking '/home/daniel/ros2_ws/src/edu_robocub_rescue_stack/install/edu_robocup_rescue_stack' for CMake module files
[20.304s] Level 1:colcon.colcon_core.environment:checking '/home/daniel/ros2_ws/src/edu_robocub_rescue_stack/install/edu_robocup_rescue_stack' for CMake config files
[20.305s] Level 1:colcon.colcon_core.shell:create_environment_hook('edu_robocup_rescue_stack', 'cmake_prefix_path')
[20.305s] INFO:colcon.colcon_core.shell:Creating environment hook '/home/daniel/ros2_ws/src/edu_robocub_rescue_stack/install/edu_robocup_rescue_stack/share/edu_robocup_rescue_stack/hook/cmake_prefix_path.ps1'
[20.306s] INFO:colcon.colcon_core.shell:Creating environment descriptor '/home/daniel/ros2_ws/src/edu_robocub_rescue_stack/install/edu_robocup_rescue_stack/share/edu_robocup_rescue_stack/hook/cmake_prefix_path.dsv'
[20.306s] INFO:colcon.colcon_core.shell:Creating environment hook '/home/daniel/ros2_ws/src/edu_robocub_rescue_stack/install/edu_robocup_rescue_stack/share/edu_robocup_rescue_stack/hook/cmake_prefix_path.sh'
[20.307s] Level 1:colcon.colcon_core.environment:checking '/home/daniel/ros2_ws/src/edu_robocub_rescue_stack/install/edu_robocup_rescue_stack/lib'
[20.307s] Level 1:colcon.colcon_core.environment:checking '/home/daniel/ros2_ws/src/edu_robocub_rescue_stack/install/edu_robocup_rescue_stack/bin'
[20.307s] Level 1:colcon.colcon_core.environment:checking '/home/daniel/ros2_ws/src/edu_robocub_rescue_stack/install/edu_robocup_rescue_stack/lib/pkgconfig/edu_robocup_rescue_stack.pc'
[20.307s] Level 1:colcon.colcon_core.environment:checking '/home/daniel/ros2_ws/src/edu_robocub_rescue_stack/install/edu_robocup_rescue_stack/lib/python3.10/site-packages'
[20.307s] Level 1:colcon.colcon_core.environment:checking '/home/daniel/ros2_ws/src/edu_robocub_rescue_stack/install/edu_robocup_rescue_stack/bin'
[20.308s] INFO:colcon.colcon_core.shell:Creating package script '/home/daniel/ros2_ws/src/edu_robocub_rescue_stack/install/edu_robocup_rescue_stack/share/edu_robocup_rescue_stack/package.ps1'
[20.308s] INFO:colcon.colcon_core.shell:Creating package descriptor '/home/daniel/ros2_ws/src/edu_robocub_rescue_stack/install/edu_robocup_rescue_stack/share/edu_robocup_rescue_stack/package.dsv'
[20.309s] INFO:colcon.colcon_core.shell:Creating package script '/home/daniel/ros2_ws/src/edu_robocub_rescue_stack/install/edu_robocup_rescue_stack/share/edu_robocup_rescue_stack/package.sh'
[20.309s] INFO:colcon.colcon_core.shell:Creating package script '/home/daniel/ros2_ws/src/edu_robocub_rescue_stack/install/edu_robocup_rescue_stack/share/edu_robocup_rescue_stack/package.bash'
[20.310s] INFO:colcon.colcon_core.shell:Creating package script '/home/daniel/ros2_ws/src/edu_robocub_rescue_stack/install/edu_robocup_rescue_stack/share/edu_robocup_rescue_stack/package.zsh'
[20.310s] Level 1:colcon.colcon_core.environment:create_file_with_runtime_dependencies(/home/daniel/ros2_ws/src/edu_robocub_rescue_stack/install/edu_robocup_rescue_stack/share/colcon-core/packages/edu_robocup_rescue_stack)
[20.348s] Level 1:colcon.colcon_core.environment:create_environment_scripts_only(edu_robocup_rescue_stack)
[20.349s] Level 1:colcon.colcon_core.environment:checking '/home/daniel/ros2_ws/src/edu_robocub_rescue_stack/install/edu_robocup_rescue_stack' for CMake module files
[20.349s] Level 1:colcon.colcon_core.environment:checking '/home/daniel/ros2_ws/src/edu_robocub_rescue_stack/install/edu_robocup_rescue_stack' for CMake config files
[20.350s] Level 1:colcon.colcon_core.shell:create_environment_hook('edu_robocup_rescue_stack', 'cmake_prefix_path')
[20.351s] INFO:colcon.colcon_core.shell:Creating environment hook '/home/daniel/ros2_ws/src/edu_robocub_rescue_stack/install/edu_robocup_rescue_stack/share/edu_robocup_rescue_stack/hook/cmake_prefix_path.ps1'
[20.351s] INFO:colcon.colcon_core.shell:Creating environment descriptor '/home/daniel/ros2_ws/src/edu_robocub_rescue_stack/install/edu_robocup_rescue_stack/share/edu_robocup_rescue_stack/hook/cmake_prefix_path.dsv'
[20.351s] INFO:colcon.colcon_core.shell:Creating environment hook '/home/daniel/ros2_ws/src/edu_robocub_rescue_stack/install/edu_robocup_rescue_stack/share/edu_robocup_rescue_stack/hook/cmake_prefix_path.sh'
[20.351s] Level 1:colcon.colcon_core.environment:checking '/home/daniel/ros2_ws/src/edu_robocub_rescue_stack/install/edu_robocup_rescue_stack/lib'
[20.351s] Level 1:colcon.colcon_core.environment:checking '/home/daniel/ros2_ws/src/edu_robocub_rescue_stack/install/edu_robocup_rescue_stack/bin'
[20.351s] Level 1:colcon.colcon_core.environment:checking '/home/daniel/ros2_ws/src/edu_robocub_rescue_stack/install/edu_robocup_rescue_stack/lib/pkgconfig/edu_robocup_rescue_stack.pc'
[20.352s] Level 1:colcon.colcon_core.environment:checking '/home/daniel/ros2_ws/src/edu_robocub_rescue_stack/install/edu_robocup_rescue_stack/lib/python3.10/site-packages'
[20.352s] Level 1:colcon.colcon_core.environment:checking '/home/daniel/ros2_ws/src/edu_robocub_rescue_stack/install/edu_robocup_rescue_stack/bin'
[20.353s] INFO:colcon.colcon_core.shell:Creating package script '/home/daniel/ros2_ws/src/edu_robocub_rescue_stack/install/edu_robocup_rescue_stack/share/edu_robocup_rescue_stack/package.ps1'
[20.353s] INFO:colcon.colcon_core.shell:Creating package descriptor '/home/daniel/ros2_ws/src/edu_robocub_rescue_stack/install/edu_robocup_rescue_stack/share/edu_robocup_rescue_stack/package.dsv'
[20.353s] INFO:colcon.colcon_core.shell:Creating package script '/home/daniel/ros2_ws/src/edu_robocub_rescue_stack/install/edu_robocup_rescue_stack/share/edu_robocup_rescue_stack/package.sh'
[20.353s] INFO:colcon.colcon_core.shell:Creating package script '/home/daniel/ros2_ws/src/edu_robocub_rescue_stack/install/edu_robocup_rescue_stack/share/edu_robocup_rescue_stack/package.bash'
[20.353s] INFO:colcon.colcon_core.shell:Creating package script '/home/daniel/ros2_ws/src/edu_robocub_rescue_stack/install/edu_robocup_rescue_stack/share/edu_robocup_rescue_stack/package.zsh'
[20.354s] Level 1:colcon.colcon_core.environment:create_file_with_runtime_dependencies(/home/daniel/ros2_ws/src/edu_robocub_rescue_stack/install/edu_robocup_rescue_stack/share/colcon-core/packages/edu_robocup_rescue_stack)
[20.354s] DEBUG:colcon.colcon_parallel_executor.executor.parallel:closing loop
[20.354s] DEBUG:colcon.colcon_parallel_executor.executor.parallel:loop closed
[20.354s] DEBUG:colcon.colcon_parallel_executor.executor.parallel:run_until_complete finished with '0'
[20.354s] DEBUG:colcon.colcon_core.event_reactor:joining thread
[20.358s] INFO:colcon.colcon_core.plugin_system:Skipping extension 'colcon_notification.desktop_notification.terminal_notifier': Not used on non-Darwin systems
[20.358s] INFO:colcon.colcon_core.plugin_system:Skipping extension 'colcon_notification.desktop_notification.win32': Not used on non-Windows systems
[20.358s] INFO:colcon.colcon_notification.desktop_notification:Sending desktop notification using 'notify2'
[20.370s] DEBUG:colcon.colcon_core.event_reactor:joined thread
[20.372s] INFO:colcon.colcon_core.shell:Creating prefix script '/home/daniel/ros2_ws/src/edu_robocub_rescue_stack/install/local_setup.ps1'
[20.374s] INFO:colcon.colcon_core.shell:Creating prefix util module '/home/daniel/ros2_ws/src/edu_robocub_rescue_stack/install/_local_setup_util_ps1.py'
[20.375s] INFO:colcon.colcon_core.shell:Creating prefix chain script '/home/daniel/ros2_ws/src/edu_robocub_rescue_stack/install/setup.ps1'
[20.377s] INFO:colcon.colcon_core.shell:Creating prefix script '/home/daniel/ros2_ws/src/edu_robocub_rescue_stack/install/local_setup.sh'
[20.378s] INFO:colcon.colcon_core.shell:Creating prefix util module '/home/daniel/ros2_ws/src/edu_robocub_rescue_stack/install/_local_setup_util_sh.py'
[20.378s] INFO:colcon.colcon_core.shell:Creating prefix chain script '/home/daniel/ros2_ws/src/edu_robocub_rescue_stack/install/setup.sh'
[20.380s] INFO:colcon.colcon_core.shell:Creating prefix script '/home/daniel/ros2_ws/src/edu_robocub_rescue_stack/install/local_setup.bash'
[20.380s] INFO:colcon.colcon_core.shell:Creating prefix chain script '/home/daniel/ros2_ws/src/edu_robocub_rescue_stack/install/setup.bash'
[20.382s] INFO:colcon.colcon_core.shell:Creating prefix script '/home/daniel/ros2_ws/src/edu_robocub_rescue_stack/install/local_setup.zsh'
[20.382s] INFO:colcon.colcon_core.shell:Creating prefix chain script '/home/daniel/ros2_ws/src/edu_robocub_rescue_stack/install/setup.zsh'
