[0.007s] Invoking command in '/home/daniel/ros2_ws/src/edu_robocub_rescue_stack/build/edu_robocup_rescue_stack': /usr/bin/cmake --build /home/daniel/ros2_ws/src/edu_robocub_rescue_stack/build/edu_robocup_rescue_stack -- -j8 -l8
[0.042s] [100%] Built target edu_robocup_rescue_stack_node
[0.048s] Invoked command in '/home/daniel/ros2_ws/src/edu_robocub_rescue_stack/build/edu_robocup_rescue_stack' returned '0': /usr/bin/cmake --build /home/daniel/ros2_ws/src/edu_robocub_rescue_stack/build/edu_robocup_rescue_stack -- -j8 -l8
[0.070s] Invoking command in '/home/daniel/ros2_ws/src/edu_robocub_rescue_stack/build/edu_robocup_rescue_stack': /usr/bin/cmake --install /home/daniel/ros2_ws/src/edu_robocub_rescue_stack/build/edu_robocup_rescue_stack
[0.074s] -- Install configuration: ""
[0.074s] -- Up-to-date: /usr/local/lib/edu_robocup_rescue_stack/edu_robocup_rescue_stack_node
[0.074s] -- Up-to-date: /usr/local/share/edu_robocup_rescue_stack//launch
[0.074s] -- Up-to-date: /usr/local/share/edu_robocup_rescue_stack//launch/navigation.launch.py
[0.074s] -- Up-to-date: /usr/local/share/edu_robocup_rescue_stack//launch/edu_control.launch.py
[0.074s] -- Up-to-date: /usr/local/share/edu_robocup_rescue_stack//launch/online_async_launch.py
[0.074s] -- Up-to-date: /usr/local/share/edu_robocup_rescue_stack//launch/amcl.launch.py
[0.074s] -- Up-to-date: /usr/local/share/edu_robocup_rescue_stack//launch/keepout.launch.py
[0.074s] -- Up-to-date: /usr/local/share/edu_robocup_rescue_stack//config
[0.074s] -- Up-to-date: /usr/local/share/edu_robocup_rescue_stack//config/nav2_params.yaml
[0.074s] -- Up-to-date: /usr/local/share/edu_robocup_rescue_stack//config/mapper_params_online_sync.yaml
[0.074s] -- Up-to-date: /usr/local/share/edu_robocup_rescue_stack//params
[0.074s] -- Up-to-date: /usr/local/share/edu_robocup_rescue_stack//params/nav2_edu_params.yaml
[0.074s] -- Up-to-date: /usr/local/share/edu_robocup_rescue_stack//map
[0.074s] -- Up-to-date: /usr/local/share/edu_robocup_rescue_stack//map/map1
[0.074s] -- Up-to-date: /usr/local/share/edu_robocup_rescue_stack//map/map1/map1.yaml
[0.074s] -- Up-to-date: /usr/local/share/edu_robocup_rescue_stack//map/map1/map1.pgm
[0.074s] -- Up-to-date: /usr/local/share/edu_robocup_rescue_stack//map/map_5.3.yaml
[0.074s] -- Up-to-date: /usr/local/share/edu_robocup_rescue_stack//map/map_5.4.yaml
[0.074s] -- Up-to-date: /usr/local/share/edu_robocup_rescue_stack//map/map_6.2.yaml
[0.075s] -- Up-to-date: /usr/local/share/edu_robocup_rescue_stack//map/map_neg.yaml
[0.075s] -- Up-to-date: /usr/local/share/edu_robocup_rescue_stack//map/map1.yaml
[0.075s] -- Up-to-date: /usr/local/share/edu_robocup_rescue_stack//map/map4
[0.075s] -- Up-to-date: /usr/local/share/edu_robocup_rescue_stack//map/map4/map4.yaml
[0.075s] -- Up-to-date: /usr/local/share/edu_robocup_rescue_stack//map/map4/map4.pgm
[0.075s] -- Up-to-date: /usr/local/share/edu_robocup_rescue_stack//map/map_5.2.yaml
[0.075s] -- Up-to-date: /usr/local/share/edu_robocup_rescue_stack//map/map_5.2.pgm
[0.075s] -- Up-to-date: /usr/local/share/edu_robocup_rescue_stack//map/map_5.1.pgm
[0.075s] -- Up-to-date: /usr/local/share/edu_robocup_rescue_stack//map/map_neg.pgm
[0.075s] -- Up-to-date: /usr/local/share/edu_robocup_rescue_stack//map/map_6.1.pgm
[0.075s] -- Up-to-date: /usr/local/share/edu_robocup_rescue_stack//map/map3.yaml
[0.075s] -- Up-to-date: /usr/local/share/edu_robocup_rescue_stack//map/map2.pgm
[0.075s] -- Up-to-date: /usr/local/share/edu_robocup_rescue_stack//map/map_7.1.yaml
[0.075s] -- Up-to-date: /usr/local/share/edu_robocup_rescue_stack//map/map_1671210809.pgm
[0.075s] -- Up-to-date: /usr/local/share/edu_robocup_rescue_stack//map/map3.pgm
[0.075s] -- Up-to-date: /usr/local/share/edu_robocup_rescue_stack//map/map_5.1.yaml
[0.075s] -- Up-to-date: /usr/local/share/edu_robocup_rescue_stack//map/map4.yaml
[0.075s] -- Up-to-date: /usr/local/share/edu_robocup_rescue_stack//map/map_6.4.pgm
[0.075s] -- Up-to-date: /usr/local/share/edu_robocup_rescue_stack//map/map_1671210809.yaml
[0.075s] -- Up-to-date: /usr/local/share/edu_robocup_rescue_stack//map/map_5.4.pgm
[0.075s] -- Up-to-date: /usr/local/share/edu_robocup_rescue_stack//map/map_6.3.pgm
[0.075s] -- Up-to-date: /usr/local/share/edu_robocup_rescue_stack//map/map_7.1.pgm
[0.076s] -- Up-to-date: /usr/local/share/edu_robocup_rescue_stack//map/map_6.2.pgm
[0.076s] -- Up-to-date: /usr/local/share/edu_robocup_rescue_stack//map/map_6.1.yaml
[0.076s] -- Up-to-date: /usr/local/share/edu_robocup_rescue_stack//map/map_6.3.yaml
[0.076s] -- Up-to-date: /usr/local/share/edu_robocup_rescue_stack//map/map_6.4.yaml
[0.076s] -- Up-to-date: /usr/local/share/edu_robocup_rescue_stack//map/map_5.3.pgm
[0.076s] -- Up-to-date: /usr/local/share/edu_robocup_rescue_stack//map/map4.pgm
[0.076s] -- Up-to-date: /usr/local/share/edu_robocup_rescue_stack//map/map2.yaml
[0.076s] -- Up-to-date: /usr/local/share/edu_robocup_rescue_stack//keepout
[0.076s] -- Up-to-date: /usr/local/share/edu_robocup_rescue_stack//keepout/keepout_6.1.yaml
[0.076s] -- Up-to-date: /usr/local/share/edu_robocup_rescue_stack//keepout/keepout_6.2.pgm
[0.076s] -- Up-to-date: /usr/local/share/edu_robocup_rescue_stack//keepout/keepout_6.3.pgm
[0.076s] -- Up-to-date: /usr/local/share/edu_robocup_rescue_stack//keepout/keepout_6.4.yaml
[0.076s] -- Up-to-date: /usr/local/share/edu_robocup_rescue_stack//keepout/keepout_6.2.yaml
[0.076s] -- Up-to-date: /usr/local/share/edu_robocup_rescue_stack//keepout/keepout_6.4.pgm
[0.076s] -- Up-to-date: /usr/local/share/edu_robocup_rescue_stack//keepout/keepout_6.3.yaml
[0.076s] -- Up-to-date: /usr/local/share/edu_robocup_rescue_stack//keepout/keepout_6.1.pgm
[0.076s] -- Up-to-date: /usr/local/share/ament_index/resource_index/package_run_dependencies/edu_robocup_rescue_stack
[0.076s] -- Up-to-date: /usr/local/share/ament_index/resource_index/parent_prefix_path/edu_robocup_rescue_stack
[0.076s] -- Up-to-date: /usr/local/share/edu_robocup_rescue_stack/environment/ament_prefix_path.sh
[0.076s] -- Up-to-date: /usr/local/share/edu_robocup_rescue_stack/environment/ament_prefix_path.dsv
[0.077s] -- Up-to-date: /usr/local/share/edu_robocup_rescue_stack/environment/path.sh
[0.077s] -- Up-to-date: /usr/local/share/edu_robocup_rescue_stack/environment/path.dsv
[0.077s] -- Up-to-date: /usr/local/share/edu_robocup_rescue_stack/local_setup.bash
[0.077s] -- Up-to-date: /usr/local/share/edu_robocup_rescue_stack/local_setup.sh
[0.077s] -- Up-to-date: /usr/local/share/edu_robocup_rescue_stack/local_setup.zsh
[0.077s] -- Up-to-date: /usr/local/share/edu_robocup_rescue_stack/local_setup.dsv
[0.077s] -- Up-to-date: /usr/local/share/edu_robocup_rescue_stack/package.dsv
[0.077s] -- Up-to-date: /usr/local/share/ament_index/resource_index/packages/edu_robocup_rescue_stack
[0.077s] -- Up-to-date: /usr/local/share/edu_robocup_rescue_stack/cmake/edu_robocup_rescue_stackConfig.cmake
[0.077s] -- Up-to-date: /usr/local/share/edu_robocup_rescue_stack/cmake/edu_robocup_rescue_stackConfig-version.cmake
[0.077s] -- Up-to-date: /usr/local/share/edu_robocup_rescue_stack/package.xml
[0.077s] Invoked command in '/home/daniel/ros2_ws/src/edu_robocub_rescue_stack/build/edu_robocup_rescue_stack' returned '0': /usr/bin/cmake --install /home/daniel/ros2_ws/src/edu_robocub_rescue_stack/build/edu_robocup_rescue_stack
