[0.075s] Invoking command in '/home/daniel/ros2_ws/src/edu_robocub_rescue_stack/build/edu_robocup_rescue_stack': CMAKE_PREFIX_PATH=${CMAKE_PREFIX_PATH}:/home/daniel/ros2_ws/install/statistics_msgs:/home/daniel/ros2_ws/install/nav2_simple_commander:/home/daniel/ros2_ws/install/action_msgs:/opt/ros/humble /usr/bin/cmake --build /home/daniel/ros2_ws/src/edu_robocub_rescue_stack/build/edu_robocup_rescue_stack -- -j8 -l8
[0.269s] [35m[1mConsolidate compiler generated dependencies of target edu_robocup_rescue_stack_node[0m
[0.429s] [ 14%] [32mBuilding CXX object CMakeFiles/edu_robocup_rescue_stack_node.dir/src/loadMap.cpp.o[0m
[10.800s] [ 28%] [32m[1mLinking CXX executable edu_robocup_rescue_stack_node[0m
[15.489s] [100%] Built target edu_robocup_rescue_stack_node
[15.518s] Invoked command in '/home/daniel/ros2_ws/src/edu_robocub_rescue_stack/build/edu_robocup_rescue_stack' returned '0': CMAKE_PREFIX_PATH=${CMAKE_PREFIX_PATH}:/home/daniel/ros2_ws/install/statistics_msgs:/home/daniel/ros2_ws/install/nav2_simple_commander:/home/daniel/ros2_ws/install/action_msgs:/opt/ros/humble /usr/bin/cmake --build /home/daniel/ros2_ws/src/edu_robocub_rescue_stack/build/edu_robocup_rescue_stack -- -j8 -l8
[15.719s] Invoking command in '/home/daniel/ros2_ws/src/edu_robocub_rescue_stack/build/edu_robocup_rescue_stack': CMAKE_PREFIX_PATH=${CMAKE_PREFIX_PATH}:/home/daniel/ros2_ws/install/statistics_msgs:/home/daniel/ros2_ws/install/nav2_simple_commander:/home/daniel/ros2_ws/install/action_msgs:/opt/ros/humble /usr/bin/cmake --install /home/daniel/ros2_ws/src/edu_robocub_rescue_stack/build/edu_robocup_rescue_stack
[15.750s] -- Install configuration: ""
[15.751s] -- Installing: /home/daniel/ros2_ws/src/edu_robocub_rescue_stack/install/edu_robocup_rescue_stack/lib/edu_robocup_rescue_stack/edu_robocup_rescue_stack_node
[15.792s] -- Set runtime path of "/home/daniel/ros2_ws/src/edu_robocub_rescue_stack/install/edu_robocup_rescue_stack/lib/edu_robocup_rescue_stack/edu_robocup_rescue_stack_node" to ""
[15.793s] -- Up-to-date: /home/daniel/ros2_ws/src/edu_robocub_rescue_stack/install/edu_robocup_rescue_stack/share/edu_robocup_rescue_stack//launch
[15.793s] -- Up-to-date: /home/daniel/ros2_ws/src/edu_robocub_rescue_stack/install/edu_robocup_rescue_stack/share/edu_robocup_rescue_stack//launch/navigation.launch.py
[15.794s] -- Up-to-date: /home/daniel/ros2_ws/src/edu_robocub_rescue_stack/install/edu_robocup_rescue_stack/share/edu_robocup_rescue_stack//launch/edu_control.launch.py
[15.794s] -- Up-to-date: /home/daniel/ros2_ws/src/edu_robocub_rescue_stack/install/edu_robocup_rescue_stack/share/edu_robocup_rescue_stack//launch/online_async_launch.py
[15.795s] -- Up-to-date: /home/daniel/ros2_ws/src/edu_robocub_rescue_stack/install/edu_robocup_rescue_stack/share/edu_robocup_rescue_stack//launch/amcl.launch.py
[15.795s] -- Up-to-date: /home/daniel/ros2_ws/src/edu_robocub_rescue_stack/install/edu_robocup_rescue_stack/share/edu_robocup_rescue_stack//launch/keepout.launch.py
[15.796s] -- Up-to-date: /home/daniel/ros2_ws/src/edu_robocub_rescue_stack/install/edu_robocup_rescue_stack/share/edu_robocup_rescue_stack//config
[15.796s] -- Up-to-date: /home/daniel/ros2_ws/src/edu_robocub_rescue_stack/install/edu_robocup_rescue_stack/share/edu_robocup_rescue_stack//config/nav2_params.yaml
[15.796s] -- Up-to-date: /home/daniel/ros2_ws/src/edu_robocub_rescue_stack/install/edu_robocup_rescue_stack/share/edu_robocup_rescue_stack//config/mapper_params_online_sync.yaml
[15.796s] -- Up-to-date: /home/daniel/ros2_ws/src/edu_robocub_rescue_stack/install/edu_robocup_rescue_stack/share/edu_robocup_rescue_stack//params
[15.797s] -- Up-to-date: /home/daniel/ros2_ws/src/edu_robocub_rescue_stack/install/edu_robocup_rescue_stack/share/edu_robocup_rescue_stack//params/nav2_edu_params.yaml
[15.797s] -- Up-to-date: /home/daniel/ros2_ws/src/edu_robocub_rescue_stack/install/edu_robocup_rescue_stack/share/edu_robocup_rescue_stack//map
[15.797s] -- Up-to-date: /home/daniel/ros2_ws/src/edu_robocub_rescue_stack/install/edu_robocup_rescue_stack/share/edu_robocup_rescue_stack//map/map1
[15.797s] -- Up-to-date: /home/daniel/ros2_ws/src/edu_robocub_rescue_stack/install/edu_robocup_rescue_stack/share/edu_robocup_rescue_stack//map/map1/map1.yaml
[15.797s] -- Up-to-date: /home/daniel/ros2_ws/src/edu_robocub_rescue_stack/install/edu_robocup_rescue_stack/share/edu_robocup_rescue_stack//map/map1/map1.pgm
[15.798s] -- Up-to-date: /home/daniel/ros2_ws/src/edu_robocub_rescue_stack/install/edu_robocup_rescue_stack/share/edu_robocup_rescue_stack//map/map_5.3.yaml
[15.798s] -- Up-to-date: /home/daniel/ros2_ws/src/edu_robocub_rescue_stack/install/edu_robocup_rescue_stack/share/edu_robocup_rescue_stack//map/map_5.4.yaml
[15.798s] -- Up-to-date: /home/daniel/ros2_ws/src/edu_robocub_rescue_stack/install/edu_robocup_rescue_stack/share/edu_robocup_rescue_stack//map/map_6.2.yaml
[15.798s] -- Up-to-date: /home/daniel/ros2_ws/src/edu_robocub_rescue_stack/install/edu_robocup_rescue_stack/share/edu_robocup_rescue_stack//map/map_neg.yaml
[15.799s] -- Up-to-date: /home/daniel/ros2_ws/src/edu_robocub_rescue_stack/install/edu_robocup_rescue_stack/share/edu_robocup_rescue_stack//map/map1.yaml
[15.799s] -- Up-to-date: /home/daniel/ros2_ws/src/edu_robocub_rescue_stack/install/edu_robocup_rescue_stack/share/edu_robocup_rescue_stack//map/map4
[15.799s] -- Up-to-date: /home/daniel/ros2_ws/src/edu_robocub_rescue_stack/install/edu_robocup_rescue_stack/share/edu_robocup_rescue_stack//map/map4/map4.yaml
[15.799s] -- Up-to-date: /home/daniel/ros2_ws/src/edu_robocub_rescue_stack/install/edu_robocup_rescue_stack/share/edu_robocup_rescue_stack//map/map4/map4.pgm
[15.800s] -- Up-to-date: /home/daniel/ros2_ws/src/edu_robocub_rescue_stack/install/edu_robocup_rescue_stack/share/edu_robocup_rescue_stack//map/map_5.2.yaml
[15.800s] -- Up-to-date: /home/daniel/ros2_ws/src/edu_robocub_rescue_stack/install/edu_robocup_rescue_stack/share/edu_robocup_rescue_stack//map/map_5.2.pgm
[15.801s] -- Up-to-date: /home/daniel/ros2_ws/src/edu_robocub_rescue_stack/install/edu_robocup_rescue_stack/share/edu_robocup_rescue_stack//map/map_5.1.pgm
[15.802s] -- Up-to-date: /home/daniel/ros2_ws/src/edu_robocub_rescue_stack/install/edu_robocup_rescue_stack/share/edu_robocup_rescue_stack//map/map_neg.pgm
[15.802s] -- Up-to-date: /home/daniel/ros2_ws/src/edu_robocub_rescue_stack/install/edu_robocup_rescue_stack/share/edu_robocup_rescue_stack//map/map_6.1.pgm
[15.804s] -- Up-to-date: /home/daniel/ros2_ws/src/edu_robocub_rescue_stack/install/edu_robocup_rescue_stack/share/edu_robocup_rescue_stack//map/map3.yaml
[15.804s] -- Up-to-date: /home/daniel/ros2_ws/src/edu_robocub_rescue_stack/install/edu_robocup_rescue_stack/share/edu_robocup_rescue_stack//map/map2.pgm
[15.805s] -- Up-to-date: /home/daniel/ros2_ws/src/edu_robocub_rescue_stack/install/edu_robocup_rescue_stack/share/edu_robocup_rescue_stack//map/map_7.1.yaml
[15.807s] -- Up-to-date: /home/daniel/ros2_ws/src/edu_robocub_rescue_stack/install/edu_robocup_rescue_stack/share/edu_robocup_rescue_stack//map/map_1671210809.pgm
[15.808s] -- Up-to-date: /home/daniel/ros2_ws/src/edu_robocub_rescue_stack/install/edu_robocup_rescue_stack/share/edu_robocup_rescue_stack//map/map3.pgm
[15.808s] -- Up-to-date: /home/daniel/ros2_ws/src/edu_robocub_rescue_stack/install/edu_robocup_rescue_stack/share/edu_robocup_rescue_stack//map/map_5.1.yaml
[15.809s] -- Up-to-date: /home/daniel/ros2_ws/src/edu_robocub_rescue_stack/install/edu_robocup_rescue_stack/share/edu_robocup_rescue_stack//map/map4.yaml
[15.809s] -- Up-to-date: /home/daniel/ros2_ws/src/edu_robocub_rescue_stack/install/edu_robocup_rescue_stack/share/edu_robocup_rescue_stack//map/map_6.4.pgm
[15.809s] -- Up-to-date: /home/daniel/ros2_ws/src/edu_robocub_rescue_stack/install/edu_robocup_rescue_stack/share/edu_robocup_rescue_stack//map/map_1671210809.yaml
[15.809s] -- Up-to-date: /home/daniel/ros2_ws/src/edu_robocub_rescue_stack/install/edu_robocup_rescue_stack/share/edu_robocup_rescue_stack//map/map_5.4.pgm
[15.810s] -- Up-to-date: /home/daniel/ros2_ws/src/edu_robocub_rescue_stack/install/edu_robocup_rescue_stack/share/edu_robocup_rescue_stack//map/map_6.3.pgm
[15.810s] -- Up-to-date: /home/daniel/ros2_ws/src/edu_robocub_rescue_stack/install/edu_robocup_rescue_stack/share/edu_robocup_rescue_stack//map/map_7.1.pgm
[15.811s] -- Up-to-date: /home/daniel/ros2_ws/src/edu_robocub_rescue_stack/install/edu_robocup_rescue_stack/share/edu_robocup_rescue_stack//map/map_6.2.pgm
[15.811s] -- Up-to-date: /home/daniel/ros2_ws/src/edu_robocub_rescue_stack/install/edu_robocup_rescue_stack/share/edu_robocup_rescue_stack//map/map_6.1.yaml
[15.811s] -- Up-to-date: /home/daniel/ros2_ws/src/edu_robocub_rescue_stack/install/edu_robocup_rescue_stack/share/edu_robocup_rescue_stack//map/map_6.3.yaml
[15.811s] -- Up-to-date: /home/daniel/ros2_ws/src/edu_robocub_rescue_stack/install/edu_robocup_rescue_stack/share/edu_robocup_rescue_stack//map/map_6.4.yaml
[15.814s] -- Up-to-date: /home/daniel/ros2_ws/src/edu_robocub_rescue_stack/install/edu_robocup_rescue_stack/share/edu_robocup_rescue_stack//map/map_5.3.pgm
[15.814s] -- Up-to-date: /home/daniel/ros2_ws/src/edu_robocub_rescue_stack/install/edu_robocup_rescue_stack/share/edu_robocup_rescue_stack//map/map4.pgm
[15.814s] -- Up-to-date: /home/daniel/ros2_ws/src/edu_robocub_rescue_stack/install/edu_robocup_rescue_stack/share/edu_robocup_rescue_stack//map/map2.yaml
[15.815s] -- Up-to-date: /home/daniel/ros2_ws/src/edu_robocub_rescue_stack/install/edu_robocup_rescue_stack/share/edu_robocup_rescue_stack//keepout
[15.815s] -- Up-to-date: /home/daniel/ros2_ws/src/edu_robocub_rescue_stack/install/edu_robocup_rescue_stack/share/edu_robocup_rescue_stack//keepout/keepout_6.1.yaml
[15.815s] -- Up-to-date: /home/daniel/ros2_ws/src/edu_robocub_rescue_stack/install/edu_robocup_rescue_stack/share/edu_robocup_rescue_stack//keepout/keepout_6.2.pgm
[15.816s] -- Up-to-date: /home/daniel/ros2_ws/src/edu_robocub_rescue_stack/install/edu_robocup_rescue_stack/share/edu_robocup_rescue_stack//keepout/keepout_6.3.pgm
[15.816s] -- Up-to-date: /home/daniel/ros2_ws/src/edu_robocub_rescue_stack/install/edu_robocup_rescue_stack/share/edu_robocup_rescue_stack//keepout/keepout_6.4.yaml
[15.816s] -- Up-to-date: /home/daniel/ros2_ws/src/edu_robocub_rescue_stack/install/edu_robocup_rescue_stack/share/edu_robocup_rescue_stack//keepout/keepout_6.2.yaml
[15.817s] -- Up-to-date: /home/daniel/ros2_ws/src/edu_robocub_rescue_stack/install/edu_robocup_rescue_stack/share/edu_robocup_rescue_stack//keepout/keepout_6.4.pgm
[15.818s] -- Up-to-date: /home/daniel/ros2_ws/src/edu_robocub_rescue_stack/install/edu_robocup_rescue_stack/share/edu_robocup_rescue_stack//keepout/keepout_6.3.yaml
[15.818s] -- Up-to-date: /home/daniel/ros2_ws/src/edu_robocub_rescue_stack/install/edu_robocup_rescue_stack/share/edu_robocup_rescue_stack//keepout/keepout_6.1.pgm
[15.819s] -- Up-to-date: /home/daniel/ros2_ws/src/edu_robocub_rescue_stack/install/edu_robocup_rescue_stack/share/ament_index/resource_index/package_run_dependencies/edu_robocup_rescue_stack
[15.820s] -- Up-to-date: /home/daniel/ros2_ws/src/edu_robocub_rescue_stack/install/edu_robocup_rescue_stack/share/ament_index/resource_index/parent_prefix_path/edu_robocup_rescue_stack
[15.822s] -- Up-to-date: /home/daniel/ros2_ws/src/edu_robocub_rescue_stack/install/edu_robocup_rescue_stack/share/edu_robocup_rescue_stack/environment/ament_prefix_path.sh
[15.823s] -- Up-to-date: /home/daniel/ros2_ws/src/edu_robocub_rescue_stack/install/edu_robocup_rescue_stack/share/edu_robocup_rescue_stack/environment/ament_prefix_path.dsv
[15.823s] -- Up-to-date: /home/daniel/ros2_ws/src/edu_robocub_rescue_stack/install/edu_robocup_rescue_stack/share/edu_robocup_rescue_stack/environment/path.sh
[15.824s] -- Up-to-date: /home/daniel/ros2_ws/src/edu_robocub_rescue_stack/install/edu_robocup_rescue_stack/share/edu_robocup_rescue_stack/environment/path.dsv
[15.827s] -- Up-to-date: /home/daniel/ros2_ws/src/edu_robocub_rescue_stack/install/edu_robocup_rescue_stack/share/edu_robocup_rescue_stack/local_setup.bash
[15.829s] -- Up-to-date: /home/daniel/ros2_ws/src/edu_robocub_rescue_stack/install/edu_robocup_rescue_stack/share/edu_robocup_rescue_stack/local_setup.sh
[15.830s] -- Up-to-date: /home/daniel/ros2_ws/src/edu_robocub_rescue_stack/install/edu_robocup_rescue_stack/share/edu_robocup_rescue_stack/local_setup.zsh
[15.832s] -- Up-to-date: /home/daniel/ros2_ws/src/edu_robocub_rescue_stack/install/edu_robocup_rescue_stack/share/edu_robocup_rescue_stack/local_setup.dsv
[15.832s] -- Installing: /home/daniel/ros2_ws/src/edu_robocub_rescue_stack/install/edu_robocup_rescue_stack/share/edu_robocup_rescue_stack/package.dsv
[15.833s] -- Up-to-date: /home/daniel/ros2_ws/src/edu_robocub_rescue_stack/install/edu_robocup_rescue_stack/share/ament_index/resource_index/packages/edu_robocup_rescue_stack
[15.834s] -- Up-to-date: /home/daniel/ros2_ws/src/edu_robocub_rescue_stack/install/edu_robocup_rescue_stack/share/edu_robocup_rescue_stack/cmake/edu_robocup_rescue_stackConfig.cmake
[15.834s] -- Up-to-date: /home/daniel/ros2_ws/src/edu_robocub_rescue_stack/install/edu_robocup_rescue_stack/share/edu_robocup_rescue_stack/cmake/edu_robocup_rescue_stackConfig-version.cmake
[15.834s] -- Up-to-date: /home/daniel/ros2_ws/src/edu_robocub_rescue_stack/install/edu_robocup_rescue_stack/share/edu_robocup_rescue_stack/package.xml
[15.835s] Invoked command in '/home/daniel/ros2_ws/src/edu_robocub_rescue_stack/build/edu_robocup_rescue_stack' returned '0': CMAKE_PREFIX_PATH=${CMAKE_PREFIX_PATH}:/home/daniel/ros2_ws/install/statistics_msgs:/home/daniel/ros2_ws/install/nav2_simple_commander:/home/daniel/ros2_ws/install/action_msgs:/opt/ros/humble /usr/bin/cmake --install /home/daniel/ros2_ws/src/edu_robocub_rescue_stack/build/edu_robocup_rescue_stack
