[2.277s] DEBUG:colcon:Command line arguments: ['/usr/bin/colcon', 'build']
[2.278s] DEBUG:colcon:Parsed command line arguments: Namespace(log_base=None, log_level=None, verb_name='build', build_base='build', install_base='install', merge_install=False, symlink_install=False, test_result_base=None, continue_on_error=False, executor='parallel', parallel_workers=8, event_handlers=None, ignore_user_meta=False, metas=['./colcon.meta'], base_paths=['.'], packages_ignore=None, packages_ignore_regex=None, paths=None, packages_up_to=None, packages_up_to_regex=None, packages_above=None, packages_above_and_dependencies=None, packages_above_depth=None, packages_select_by_dep=None, packages_skip_by_dep=None, packages_skip_up_to=None, packages_select_build_failed=False, packages_skip_build_finished=False, packages_select_test_failures=False, packages_skip_test_passed=False, packages_select=None, packages_skip=None, packages_select_regex=None, packages_skip_regex=None, packages_start=None, packages_end=None, allow_overriding=[], cmake_args=None, cmake_target=None, cmake_target_skip_unavailable=False, cmake_clean_cache=False, cmake_clean_first=False, cmake_force_configure=False, ament_cmake_args=None, catkin_cmake_args=None, catkin_skip_building_tests=False, verb_parser=<colcon_defaults.argument_parser.defaults.DefaultArgumentsDecorator object at 0x7f91b16280d0>, verb_extension=<colcon_core.verb.build.BuildVerb object at 0x7f91b16d9d80>, main=<bound method BuildVerb.main of <colcon_core.verb.build.BuildVerb object at 0x7f91b16d9d80>>)
[2.445s] Level 1:colcon.colcon_core.package_discovery:discover_packages(colcon_meta) check parameters
[2.446s] Level 1:colcon.colcon_core.package_discovery:discover_packages(recursive) check parameters
[2.446s] Level 1:colcon.colcon_core.package_discovery:discover_packages(ignore) check parameters
[2.447s] Level 1:colcon.colcon_core.package_discovery:discover_packages(path) check parameters
[2.447s] Level 1:colcon.colcon_core.package_discovery:discover_packages(colcon_meta) discover
[2.447s] Level 1:colcon.colcon_core.package_discovery:discover_packages(recursive) discover
[2.448s] INFO:colcon.colcon_core.package_discovery:Crawling recursively for packages in '/home/daniel/ros2_ws/src/edu_robocub_rescue_stack'
[2.448s] Level 1:colcon.colcon_core.package_identification:_identify(.) by extensions ['ignore', 'ignore_ament_install']
[2.449s] Level 1:colcon.colcon_core.package_identification:_identify(.) by extension 'ignore'
[2.450s] Level 1:colcon.colcon_core.package_identification:_identify(.) by extension 'ignore_ament_install'
[2.450s] Level 1:colcon.colcon_core.package_identification:_identify(.) by extensions ['colcon_pkg']
[2.450s] Level 1:colcon.colcon_core.package_identification:_identify(.) by extension 'colcon_pkg'
[2.451s] Level 1:colcon.colcon_core.package_identification:_identify(.) by extensions ['colcon_meta']
[2.451s] Level 1:colcon.colcon_core.package_identification:_identify(.) by extension 'colcon_meta'
[2.451s] Level 1:colcon.colcon_core.package_identification:_identify(.) by extensions ['ros']
[2.451s] Level 1:colcon.colcon_core.package_identification:_identify(.) by extension 'ros'
[2.545s] DEBUG:colcon.colcon_core.package_identification:Package '.' with type 'ros.ament_cmake' and name 'edu_robocup_rescue_stack'
[2.546s] Level 1:colcon.colcon_core.package_discovery:discover_packages(recursive) using defaults
[2.546s] Level 1:colcon.colcon_core.package_discovery:discover_packages(ignore) discover
[2.546s] Level 1:colcon.colcon_core.package_discovery:discover_packages(ignore) using defaults
[2.547s] Level 1:colcon.colcon_core.package_discovery:discover_packages(path) discover
[2.547s] Level 1:colcon.colcon_core.package_discovery:discover_packages(path) using defaults
[2.690s] Level 1:colcon.colcon_core.package_discovery:discover_packages(prefix_path) check parameters
[2.690s] Level 1:colcon.colcon_core.package_discovery:discover_packages(prefix_path) discover
[2.715s] DEBUG:colcon.colcon_installed_package_information.package_discovery:Found 34 installed packages in /home/daniel/ros2_ws/install
[2.723s] DEBUG:colcon.colcon_installed_package_information.package_discovery:Found 2 installed packages in /home/daniel/edu_ws_cpp/install
[2.735s] DEBUG:colcon.colcon_installed_package_information.package_discovery:Found 342 installed packages in /opt/ros/humble
[2.752s] Level 1:colcon.colcon_core.package_discovery:discover_packages(prefix_path) using defaults
[3.244s] Level 5:colcon.colcon_core.verb:set package 'edu_robocup_rescue_stack' build argument 'cmake_args' from command line to 'None'
[3.245s] Level 5:colcon.colcon_core.verb:set package 'edu_robocup_rescue_stack' build argument 'cmake_target' from command line to 'None'
[3.245s] Level 5:colcon.colcon_core.verb:set package 'edu_robocup_rescue_stack' build argument 'cmake_target_skip_unavailable' from command line to 'False'
[3.245s] Level 5:colcon.colcon_core.verb:set package 'edu_robocup_rescue_stack' build argument 'cmake_clean_cache' from command line to 'False'
[3.245s] Level 5:colcon.colcon_core.verb:set package 'edu_robocup_rescue_stack' build argument 'cmake_clean_first' from command line to 'False'
[3.245s] Level 5:colcon.colcon_core.verb:set package 'edu_robocup_rescue_stack' build argument 'cmake_force_configure' from command line to 'False'
[3.246s] Level 5:colcon.colcon_core.verb:set package 'edu_robocup_rescue_stack' build argument 'ament_cmake_args' from command line to 'None'
[3.246s] Level 5:colcon.colcon_core.verb:set package 'edu_robocup_rescue_stack' build argument 'catkin_cmake_args' from command line to 'None'
[3.246s] Level 5:colcon.colcon_core.verb:set package 'edu_robocup_rescue_stack' build argument 'catkin_skip_building_tests' from command line to 'False'
[3.246s] DEBUG:colcon.colcon_core.verb:Building package 'edu_robocup_rescue_stack' with the following arguments: {'ament_cmake_args': None, 'build_base': '/home/daniel/ros2_ws/src/edu_robocub_rescue_stack/build/edu_robocup_rescue_stack', 'catkin_cmake_args': None, 'catkin_skip_building_tests': False, 'cmake_args': None, 'cmake_clean_cache': False, 'cmake_clean_first': False, 'cmake_force_configure': False, 'cmake_target': None, 'cmake_target_skip_unavailable': False, 'install_base': '/home/daniel/ros2_ws/src/edu_robocub_rescue_stack/install/edu_robocup_rescue_stack', 'merge_install': False, 'path': '/home/daniel/ros2_ws/src/edu_robocub_rescue_stack', 'symlink_install': False, 'test_result_base': None}
[3.251s] INFO:colcon.colcon_core.executor:Executing jobs using 'parallel' executor
[3.269s] DEBUG:colcon.colcon_parallel_executor.executor.parallel:run_until_complete
[3.271s] INFO:colcon.colcon_ros.task.ament_cmake.build:Building ROS package in '/home/daniel/ros2_ws/src/edu_robocub_rescue_stack' with build type 'ament_cmake'
[3.272s] INFO:colcon.colcon_cmake.task.cmake.build:Building CMake package in '/home/daniel/ros2_ws/src/edu_robocub_rescue_stack'
[3.302s] INFO:colcon.colcon_core.plugin_system:Skipping extension 'colcon_core.shell.bat': Not used on non-Windows systems
[3.303s] INFO:colcon.colcon_core.shell:Skip shell extension 'powershell' for command environment: Not usable outside of PowerShell
[3.304s] DEBUG:colcon.colcon_core.shell:Skip shell extension 'dsv' for command environment
[3.398s] DEBUG:colcon.colcon_core.event_handler.log_command:Invoking command in '/home/daniel/ros2_ws/src/edu_robocub_rescue_stack/build/edu_robocup_rescue_stack': CMAKE_PREFIX_PATH=${CMAKE_PREFIX_PATH}:/home/daniel/ros2_ws/install/statistics_msgs:/home/daniel/ros2_ws/install/nav2_simple_commander:/home/daniel/ros2_ws/install/action_msgs:/opt/ros/humble /usr/bin/cmake --build /home/daniel/ros2_ws/src/edu_robocub_rescue_stack/build/edu_robocup_rescue_stack -- -j8 -l8
[3.842s] DEBUG:colcon.colcon_core.event_handler.log_command:Invoked command in '/home/daniel/ros2_ws/src/edu_robocub_rescue_stack/build/edu_robocup_rescue_stack' returned '0': CMAKE_PREFIX_PATH=${CMAKE_PREFIX_PATH}:/home/daniel/ros2_ws/install/statistics_msgs:/home/daniel/ros2_ws/install/nav2_simple_commander:/home/daniel/ros2_ws/install/action_msgs:/opt/ros/humble /usr/bin/cmake --build /home/daniel/ros2_ws/src/edu_robocub_rescue_stack/build/edu_robocup_rescue_stack -- -j8 -l8
[4.206s] DEBUG:colcon.colcon_core.event_handler.log_command:Invoking command in '/home/daniel/ros2_ws/src/edu_robocub_rescue_stack/build/edu_robocup_rescue_stack': CMAKE_PREFIX_PATH=${CMAKE_PREFIX_PATH}:/home/daniel/ros2_ws/install/statistics_msgs:/home/daniel/ros2_ws/install/nav2_simple_commander:/home/daniel/ros2_ws/install/action_msgs:/opt/ros/humble /usr/bin/cmake --install /home/daniel/ros2_ws/src/edu_robocub_rescue_stack/build/edu_robocup_rescue_stack
[4.270s] Level 1:colcon.colcon_core.environment:create_environment_scripts_only(edu_robocup_rescue_stack)
[4.326s] Level 1:colcon.colcon_core.environment:checking '/home/daniel/ros2_ws/src/edu_robocub_rescue_stack/install/edu_robocup_rescue_stack' for CMake module files
[4.337s] Level 1:colcon.colcon_core.environment:checking '/home/daniel/ros2_ws/src/edu_robocub_rescue_stack/install/edu_robocup_rescue_stack' for CMake config files
[4.346s] Level 1:colcon.colcon_core.shell:create_environment_hook('edu_robocup_rescue_stack', 'cmake_prefix_path')
[4.365s] DEBUG:colcon.colcon_core.event_handler.log_command:Invoked command in '/home/daniel/ros2_ws/src/edu_robocub_rescue_stack/build/edu_robocup_rescue_stack' returned '0': CMAKE_PREFIX_PATH=${CMAKE_PREFIX_PATH}:/home/daniel/ros2_ws/install/statistics_msgs:/home/daniel/ros2_ws/install/nav2_simple_commander:/home/daniel/ros2_ws/install/action_msgs:/opt/ros/humble /usr/bin/cmake --install /home/daniel/ros2_ws/src/edu_robocub_rescue_stack/build/edu_robocup_rescue_stack
[4.367s] INFO:colcon.colcon_core.shell:Creating environment hook '/home/daniel/ros2_ws/src/edu_robocub_rescue_stack/install/edu_robocup_rescue_stack/share/edu_robocup_rescue_stack/hook/cmake_prefix_path.ps1'
[4.372s] INFO:colcon.colcon_core.shell:Creating environment descriptor '/home/daniel/ros2_ws/src/edu_robocub_rescue_stack/install/edu_robocup_rescue_stack/share/edu_robocup_rescue_stack/hook/cmake_prefix_path.dsv'
[4.374s] INFO:colcon.colcon_core.shell:Creating environment hook '/home/daniel/ros2_ws/src/edu_robocub_rescue_stack/install/edu_robocup_rescue_stack/share/edu_robocup_rescue_stack/hook/cmake_prefix_path.sh'
[4.381s] Level 1:colcon.colcon_core.environment:checking '/home/daniel/ros2_ws/src/edu_robocub_rescue_stack/install/edu_robocup_rescue_stack/lib'
[4.382s] Level 1:colcon.colcon_core.environment:checking '/home/daniel/ros2_ws/src/edu_robocub_rescue_stack/install/edu_robocup_rescue_stack/bin'
[4.382s] Level 1:colcon.colcon_core.environment:checking '/home/daniel/ros2_ws/src/edu_robocub_rescue_stack/install/edu_robocup_rescue_stack/lib/pkgconfig/edu_robocup_rescue_stack.pc'
[4.384s] Level 1:colcon.colcon_core.environment:checking '/home/daniel/ros2_ws/src/edu_robocub_rescue_stack/install/edu_robocup_rescue_stack/lib/python3.10/site-packages'
[4.385s] Level 1:colcon.colcon_core.environment:checking '/home/daniel/ros2_ws/src/edu_robocub_rescue_stack/install/edu_robocup_rescue_stack/bin'
[4.394s] INFO:colcon.colcon_core.shell:Creating package script '/home/daniel/ros2_ws/src/edu_robocub_rescue_stack/install/edu_robocup_rescue_stack/share/edu_robocup_rescue_stack/package.ps1'
[4.399s] INFO:colcon.colcon_core.shell:Creating package descriptor '/home/daniel/ros2_ws/src/edu_robocub_rescue_stack/install/edu_robocup_rescue_stack/share/edu_robocup_rescue_stack/package.dsv'
[4.403s] INFO:colcon.colcon_core.shell:Creating package script '/home/daniel/ros2_ws/src/edu_robocub_rescue_stack/install/edu_robocup_rescue_stack/share/edu_robocup_rescue_stack/package.sh'
[4.408s] INFO:colcon.colcon_core.shell:Creating package script '/home/daniel/ros2_ws/src/edu_robocub_rescue_stack/install/edu_robocup_rescue_stack/share/edu_robocup_rescue_stack/package.bash'
[4.414s] INFO:colcon.colcon_core.shell:Creating package script '/home/daniel/ros2_ws/src/edu_robocub_rescue_stack/install/edu_robocup_rescue_stack/share/edu_robocup_rescue_stack/package.zsh'
[4.417s] Level 1:colcon.colcon_core.environment:create_file_with_runtime_dependencies(/home/daniel/ros2_ws/src/edu_robocub_rescue_stack/install/edu_robocup_rescue_stack/share/colcon-core/packages/edu_robocup_rescue_stack)
[4.840s] Level 1:colcon.colcon_core.environment:create_environment_scripts_only(edu_robocup_rescue_stack)
[4.858s] Level 1:colcon.colcon_core.environment:checking '/home/daniel/ros2_ws/src/edu_robocub_rescue_stack/install/edu_robocup_rescue_stack' for CMake module files
[4.862s] Level 1:colcon.colcon_core.environment:checking '/home/daniel/ros2_ws/src/edu_robocub_rescue_stack/install/edu_robocup_rescue_stack' for CMake config files
[4.864s] Level 1:colcon.colcon_core.shell:create_environment_hook('edu_robocup_rescue_stack', 'cmake_prefix_path')
[4.876s] INFO:colcon.colcon_core.shell:Creating environment hook '/home/daniel/ros2_ws/src/edu_robocub_rescue_stack/install/edu_robocup_rescue_stack/share/edu_robocup_rescue_stack/hook/cmake_prefix_path.ps1'
[4.879s] INFO:colcon.colcon_core.shell:Creating environment descriptor '/home/daniel/ros2_ws/src/edu_robocub_rescue_stack/install/edu_robocup_rescue_stack/share/edu_robocup_rescue_stack/hook/cmake_prefix_path.dsv'
[4.881s] INFO:colcon.colcon_core.shell:Creating environment hook '/home/daniel/ros2_ws/src/edu_robocub_rescue_stack/install/edu_robocup_rescue_stack/share/edu_robocup_rescue_stack/hook/cmake_prefix_path.sh'
[4.886s] Level 1:colcon.colcon_core.environment:checking '/home/daniel/ros2_ws/src/edu_robocub_rescue_stack/install/edu_robocup_rescue_stack/lib'
[4.887s] Level 1:colcon.colcon_core.environment:checking '/home/daniel/ros2_ws/src/edu_robocub_rescue_stack/install/edu_robocup_rescue_stack/bin'
[4.888s] Level 1:colcon.colcon_core.environment:checking '/home/daniel/ros2_ws/src/edu_robocub_rescue_stack/install/edu_robocup_rescue_stack/lib/pkgconfig/edu_robocup_rescue_stack.pc'
[4.890s] Level 1:colcon.colcon_core.environment:checking '/home/daniel/ros2_ws/src/edu_robocub_rescue_stack/install/edu_robocup_rescue_stack/lib/python3.10/site-packages'
[4.891s] Level 1:colcon.colcon_core.environment:checking '/home/daniel/ros2_ws/src/edu_robocub_rescue_stack/install/edu_robocup_rescue_stack/bin'
[4.904s] INFO:colcon.colcon_core.shell:Creating package script '/home/daniel/ros2_ws/src/edu_robocub_rescue_stack/install/edu_robocup_rescue_stack/share/edu_robocup_rescue_stack/package.ps1'
[4.908s] INFO:colcon.colcon_core.shell:Creating package descriptor '/home/daniel/ros2_ws/src/edu_robocub_rescue_stack/install/edu_robocup_rescue_stack/share/edu_robocup_rescue_stack/package.dsv'
[4.911s] INFO:colcon.colcon_core.shell:Creating package script '/home/daniel/ros2_ws/src/edu_robocub_rescue_stack/install/edu_robocup_rescue_stack/share/edu_robocup_rescue_stack/package.sh'
[4.914s] INFO:colcon.colcon_core.shell:Creating package script '/home/daniel/ros2_ws/src/edu_robocub_rescue_stack/install/edu_robocup_rescue_stack/share/edu_robocup_rescue_stack/package.bash'
[4.917s] INFO:colcon.colcon_core.shell:Creating package script '/home/daniel/ros2_ws/src/edu_robocub_rescue_stack/install/edu_robocup_rescue_stack/share/edu_robocup_rescue_stack/package.zsh'
[4.919s] Level 1:colcon.colcon_core.environment:create_file_with_runtime_dependencies(/home/daniel/ros2_ws/src/edu_robocub_rescue_stack/install/edu_robocup_rescue_stack/share/colcon-core/packages/edu_robocup_rescue_stack)
[4.921s] DEBUG:colcon.colcon_parallel_executor.executor.parallel:closing loop
[4.924s] DEBUG:colcon.colcon_parallel_executor.executor.parallel:loop closed
[4.924s] DEBUG:colcon.colcon_parallel_executor.executor.parallel:run_until_complete finished with '0'
[4.925s] DEBUG:colcon.colcon_core.event_reactor:joining thread
[4.960s] INFO:colcon.colcon_core.plugin_system:Skipping extension 'colcon_notification.desktop_notification.terminal_notifier': Not used on non-Darwin systems
[4.960s] INFO:colcon.colcon_core.plugin_system:Skipping extension 'colcon_notification.desktop_notification.win32': Not used on non-Windows systems
[4.960s] INFO:colcon.colcon_notification.desktop_notification:Sending desktop notification using 'notify2'
[5.025s] DEBUG:colcon.colcon_core.event_reactor:joined thread
[5.037s] INFO:colcon.colcon_core.shell:Creating prefix script '/home/daniel/ros2_ws/src/edu_robocub_rescue_stack/install/local_setup.ps1'
[5.045s] INFO:colcon.colcon_core.shell:Creating prefix util module '/home/daniel/ros2_ws/src/edu_robocub_rescue_stack/install/_local_setup_util_ps1.py'
[5.057s] INFO:colcon.colcon_core.shell:Creating prefix chain script '/home/daniel/ros2_ws/src/edu_robocub_rescue_stack/install/setup.ps1'
[5.076s] INFO:colcon.colcon_core.shell:Creating prefix script '/home/daniel/ros2_ws/src/edu_robocub_rescue_stack/install/local_setup.sh'
[5.080s] INFO:colcon.colcon_core.shell:Creating prefix util module '/home/daniel/ros2_ws/src/edu_robocub_rescue_stack/install/_local_setup_util_sh.py'
[5.084s] INFO:colcon.colcon_core.shell:Creating prefix chain script '/home/daniel/ros2_ws/src/edu_robocub_rescue_stack/install/setup.sh'
[5.102s] INFO:colcon.colcon_core.shell:Creating prefix script '/home/daniel/ros2_ws/src/edu_robocub_rescue_stack/install/local_setup.bash'
[5.106s] INFO:colcon.colcon_core.shell:Creating prefix chain script '/home/daniel/ros2_ws/src/edu_robocub_rescue_stack/install/setup.bash'
[5.123s] INFO:colcon.colcon_core.shell:Creating prefix script '/home/daniel/ros2_ws/src/edu_robocub_rescue_stack/install/local_setup.zsh'
[5.125s] INFO:colcon.colcon_core.shell:Creating prefix chain script '/home/daniel/ros2_ws/src/edu_robocub_rescue_stack/install/setup.zsh'
