[100%] Built target edu_robocup_rescue_stack_node
-- Install configuration: ""
-- Installing: /usr/local/lib/edu_robocup_rescue_stack/edu_robocup_rescue_stack_node
-- Set runtime path of "/usr/local/lib/edu_robocup_rescue_stack/edu_robocup_rescue_stack_node" to ""
-- Installing: /usr/local/share/edu_robocup_rescue_stack//launch
-- Installing: /usr/local/share/edu_robocup_rescue_stack//launch/navigation.launch.py
-- Installing: /usr/local/share/edu_robocup_rescue_stack//launch/edu_control.launch.py
-- Installing: /usr/local/share/edu_robocup_rescue_stack//launch/online_async_launch.py
-- Installing: /usr/local/share/edu_robocup_rescue_stack//launch/amcl.launch.py
-- Installing: /usr/local/share/edu_robocup_rescue_stack//launch/keepout.launch.py
-- Installing: /usr/local/share/edu_robocup_rescue_stack//config
-- Installing: /usr/local/share/edu_robocup_rescue_stack//config/nav2_params.yaml
-- Installing: /usr/local/share/edu_robocup_rescue_stack//config/mapper_params_online_sync.yaml
-- Installing: /usr/local/share/edu_robocup_rescue_stack//params
-- Installing: /usr/local/share/edu_robocup_rescue_stack//params/nav2_edu_params.yaml
-- Installing: /usr/local/share/edu_robocup_rescue_stack//map
-- Installing: /usr/local/share/edu_robocup_rescue_stack//map/map1
-- Installing: /usr/local/share/edu_robocup_rescue_stack//map/map1/map1.yaml
-- Installing: /usr/local/share/edu_robocup_rescue_stack//map/map1/map1.pgm
-- Installing: /usr/local/share/edu_robocup_rescue_stack//map/map_5.3.yaml
-- Installing: /usr/local/share/edu_robocup_rescue_stack//map/map_5.4.yaml
-- Installing: /usr/local/share/edu_robocup_rescue_stack//map/map_6.2.yaml
-- Installing: /usr/local/share/edu_robocup_rescue_stack//map/map_neg.yaml
-- Installing: /usr/local/share/edu_robocup_rescue_stack//map/map1.yaml
-- Installing: /usr/local/share/edu_robocup_rescue_stack//map/map4
-- Installing: /usr/local/share/edu_robocup_rescue_stack//map/map4/map4.yaml
-- Installing: /usr/local/share/edu_robocup_rescue_stack//map/map4/map4.pgm
-- Installing: /usr/local/share/edu_robocup_rescue_stack//map/map_5.2.yaml
-- Installing: /usr/local/share/edu_robocup_rescue_stack//map/map_5.2.pgm
-- Installing: /usr/local/share/edu_robocup_rescue_stack//map/map_5.1.pgm
-- Installing: /usr/local/share/edu_robocup_rescue_stack//map/map_neg.pgm
-- Installing: /usr/local/share/edu_robocup_rescue_stack//map/map_6.1.pgm
-- Installing: /usr/local/share/edu_robocup_rescue_stack//map/map3.yaml
-- Installing: /usr/local/share/edu_robocup_rescue_stack//map/map2.pgm
-- Installing: /usr/local/share/edu_robocup_rescue_stack//map/map_7.1.yaml
-- Installing: /usr/local/share/edu_robocup_rescue_stack//map/map_1671210809.pgm
-- Installing: /usr/local/share/edu_robocup_rescue_stack//map/map3.pgm
-- Installing: /usr/local/share/edu_robocup_rescue_stack//map/map_5.1.yaml
-- Installing: /usr/local/share/edu_robocup_rescue_stack//map/map4.yaml
-- Installing: /usr/local/share/edu_robocup_rescue_stack//map/map_6.4.pgm
-- Installing: /usr/local/share/edu_robocup_rescue_stack//map/map_1671210809.yaml
-- Installing: /usr/local/share/edu_robocup_rescue_stack//map/map_5.4.pgm
-- Installing: /usr/local/share/edu_robocup_rescue_stack//map/map_6.3.pgm
-- Installing: /usr/local/share/edu_robocup_rescue_stack//map/map_7.1.pgm
-- Installing: /usr/local/share/edu_robocup_rescue_stack//map/map_6.2.pgm
-- Installing: /usr/local/share/edu_robocup_rescue_stack//map/map_6.1.yaml
-- Installing: /usr/local/share/edu_robocup_rescue_stack//map/map_6.3.yaml
-- Installing: /usr/local/share/edu_robocup_rescue_stack//map/map_6.4.yaml
-- Installing: /usr/local/share/edu_robocup_rescue_stack//map/map_5.3.pgm
-- Installing: /usr/local/share/edu_robocup_rescue_stack//map/map4.pgm
-- Installing: /usr/local/share/edu_robocup_rescue_stack//map/map2.yaml
-- Installing: /usr/local/share/edu_robocup_rescue_stack//keepout
-- Installing: /usr/local/share/edu_robocup_rescue_stack//keepout/keepout_6.1.yaml
-- Installing: /usr/local/share/edu_robocup_rescue_stack//keepout/keepout_6.2.pgm
-- Installing: /usr/local/share/edu_robocup_rescue_stack//keepout/keepout_6.3.pgm
-- Installing: /usr/local/share/edu_robocup_rescue_stack//keepout/keepout_6.4.yaml
-- Installing: /usr/local/share/edu_robocup_rescue_stack//keepout/keepout_6.2.yaml
-- Installing: /usr/local/share/edu_robocup_rescue_stack//keepout/keepout_6.4.pgm
-- Installing: /usr/local/share/edu_robocup_rescue_stack//keepout/keepout_6.3.yaml
-- Installing: /usr/local/share/edu_robocup_rescue_stack//keepout/keepout_6.1.pgm
-- Installing: /usr/local/share/ament_index/resource_index/package_run_dependencies/edu_robocup_rescue_stack
-- Installing: /usr/local/share/ament_index/resource_index/parent_prefix_path/edu_robocup_rescue_stack
-- Installing: /usr/local/share/edu_robocup_rescue_stack/environment/ament_prefix_path.sh
-- Installing: /usr/local/share/edu_robocup_rescue_stack/environment/ament_prefix_path.dsv
-- Installing: /usr/local/share/edu_robocup_rescue_stack/environment/path.sh
-- Installing: /usr/local/share/edu_robocup_rescue_stack/environment/path.dsv
-- Installing: /usr/local/share/edu_robocup_rescue_stack/local_setup.bash
-- Installing: /usr/local/share/edu_robocup_rescue_stack/local_setup.sh
-- Installing: /usr/local/share/edu_robocup_rescue_stack/local_setup.zsh
-- Installing: /usr/local/share/edu_robocup_rescue_stack/local_setup.dsv
-- Installing: /usr/local/share/edu_robocup_rescue_stack/package.dsv
-- Installing: /usr/local/share/ament_index/resource_index/packages/edu_robocup_rescue_stack
-- Installing: /usr/local/share/edu_robocup_rescue_stack/cmake/edu_robocup_rescue_stackConfig.cmake
-- Installing: /usr/local/share/edu_robocup_rescue_stack/cmake/edu_robocup_rescue_stackConfig-version.cmake
-- Installing: /usr/local/share/edu_robocup_rescue_stack/package.xml
