[2.492s] DEBUG:colcon:Command line arguments: ['/usr/bin/colcon', 'build']
[2.492s] DEBUG:colcon:Parsed command line arguments: Namespace(log_base=None, log_level=None, verb_name='build', build_base='build', install_base='install', merge_install=False, symlink_install=False, test_result_base=None, continue_on_error=False, executor='parallel', parallel_workers=8, event_handlers=None, ignore_user_meta=False, metas=['./colcon.meta'], base_paths=['.'], packages_ignore=None, packages_ignore_regex=None, paths=None, packages_up_to=None, packages_up_to_regex=None, packages_above=None, packages_above_and_dependencies=None, packages_above_depth=None, packages_select_by_dep=None, packages_skip_by_dep=None, packages_skip_up_to=None, packages_select_build_failed=False, packages_skip_build_finished=False, packages_select_test_failures=False, packages_skip_test_passed=False, packages_select=None, packages_skip=None, packages_select_regex=None, packages_skip_regex=None, packages_start=None, packages_end=None, allow_overriding=[], cmake_args=None, cmake_target=None, cmake_target_skip_unavailable=False, cmake_clean_cache=False, cmake_clean_first=False, cmake_force_configure=False, ament_cmake_args=None, catkin_cmake_args=None, catkin_skip_building_tests=False, verb_parser=<colcon_defaults.argument_parser.defaults.DefaultArgumentsDecorator object at 0x7fb52d628100>, verb_extension=<colcon_core.verb.build.BuildVerb object at 0x7fb52d6d9e40>, main=<bound method BuildVerb.main of <colcon_core.verb.build.BuildVerb object at 0x7fb52d6d9e40>>)
[2.658s] Level 1:colcon.colcon_core.package_discovery:discover_packages(colcon_meta) check parameters
[2.659s] Level 1:colcon.colcon_core.package_discovery:discover_packages(recursive) check parameters
[2.659s] Level 1:colcon.colcon_core.package_discovery:discover_packages(ignore) check parameters
[2.659s] Level 1:colcon.colcon_core.package_discovery:discover_packages(path) check parameters
[2.660s] Level 1:colcon.colcon_core.package_discovery:discover_packages(colcon_meta) discover
[2.660s] Level 1:colcon.colcon_core.package_discovery:discover_packages(recursive) discover
[2.660s] INFO:colcon.colcon_core.package_discovery:Crawling recursively for packages in '/home/daniel/ros2_ws/src/edu_robocub_rescue_stack'
[2.661s] Level 1:colcon.colcon_core.package_identification:_identify(.) by extensions ['ignore', 'ignore_ament_install']
[2.662s] Level 1:colcon.colcon_core.package_identification:_identify(.) by extension 'ignore'
[2.662s] Level 1:colcon.colcon_core.package_identification:_identify(.) by extension 'ignore_ament_install'
[2.663s] Level 1:colcon.colcon_core.package_identification:_identify(.) by extensions ['colcon_pkg']
[2.663s] Level 1:colcon.colcon_core.package_identification:_identify(.) by extension 'colcon_pkg'
[2.663s] Level 1:colcon.colcon_core.package_identification:_identify(.) by extensions ['colcon_meta']
[2.663s] Level 1:colcon.colcon_core.package_identification:_identify(.) by extension 'colcon_meta'
[2.664s] Level 1:colcon.colcon_core.package_identification:_identify(.) by extensions ['ros']
[2.664s] Level 1:colcon.colcon_core.package_identification:_identify(.) by extension 'ros'
[2.751s] DEBUG:colcon.colcon_core.package_identification:Package '.' with type 'ros.ament_cmake' and name 'edu_robocup_rescue_stack'
[2.752s] Level 1:colcon.colcon_core.package_discovery:discover_packages(recursive) using defaults
[2.752s] Level 1:colcon.colcon_core.package_discovery:discover_packages(ignore) discover
[2.752s] Level 1:colcon.colcon_core.package_discovery:discover_packages(ignore) using defaults
[2.752s] Level 1:colcon.colcon_core.package_discovery:discover_packages(path) discover
[2.752s] Level 1:colcon.colcon_core.package_discovery:discover_packages(path) using defaults
[2.933s] Level 1:colcon.colcon_core.package_discovery:discover_packages(prefix_path) check parameters
[2.934s] Level 1:colcon.colcon_core.package_discovery:discover_packages(prefix_path) discover
[2.965s] DEBUG:colcon.colcon_installed_package_information.package_discovery:Found 34 installed packages in /home/daniel/ros2_ws/install
[2.971s] DEBUG:colcon.colcon_installed_package_information.package_discovery:Found 2 installed packages in /home/daniel/edu_ws_cpp/install
[2.984s] DEBUG:colcon.colcon_installed_package_information.package_discovery:Found 342 installed packages in /opt/ros/humble
[3.009s] Level 1:colcon.colcon_core.package_discovery:discover_packages(prefix_path) using defaults
[3.505s] Level 5:colcon.colcon_core.verb:set package 'edu_robocup_rescue_stack' build argument 'cmake_args' from command line to 'None'
[3.506s] Level 5:colcon.colcon_core.verb:set package 'edu_robocup_rescue_stack' build argument 'cmake_target' from command line to 'None'
[3.506s] Level 5:colcon.colcon_core.verb:set package 'edu_robocup_rescue_stack' build argument 'cmake_target_skip_unavailable' from command line to 'False'
[3.506s] Level 5:colcon.colcon_core.verb:set package 'edu_robocup_rescue_stack' build argument 'cmake_clean_cache' from command line to 'False'
[3.506s] Level 5:colcon.colcon_core.verb:set package 'edu_robocup_rescue_stack' build argument 'cmake_clean_first' from command line to 'False'
[3.506s] Level 5:colcon.colcon_core.verb:set package 'edu_robocup_rescue_stack' build argument 'cmake_force_configure' from command line to 'False'
[3.507s] Level 5:colcon.colcon_core.verb:set package 'edu_robocup_rescue_stack' build argument 'ament_cmake_args' from command line to 'None'
[3.507s] Level 5:colcon.colcon_core.verb:set package 'edu_robocup_rescue_stack' build argument 'catkin_cmake_args' from command line to 'None'
[3.507s] Level 5:colcon.colcon_core.verb:set package 'edu_robocup_rescue_stack' build argument 'catkin_skip_building_tests' from command line to 'False'
[3.507s] DEBUG:colcon.colcon_core.verb:Building package 'edu_robocup_rescue_stack' with the following arguments: {'ament_cmake_args': None, 'build_base': '/home/daniel/ros2_ws/src/edu_robocub_rescue_stack/build/edu_robocup_rescue_stack', 'catkin_cmake_args': None, 'catkin_skip_building_tests': False, 'cmake_args': None, 'cmake_clean_cache': False, 'cmake_clean_first': False, 'cmake_force_configure': False, 'cmake_target': None, 'cmake_target_skip_unavailable': False, 'install_base': '/home/daniel/ros2_ws/src/edu_robocub_rescue_stack/install/edu_robocup_rescue_stack', 'merge_install': False, 'path': '/home/daniel/ros2_ws/src/edu_robocub_rescue_stack', 'symlink_install': False, 'test_result_base': None}
[3.512s] INFO:colcon.colcon_core.executor:Executing jobs using 'parallel' executor
[3.537s] DEBUG:colcon.colcon_parallel_executor.executor.parallel:run_until_complete
[3.539s] INFO:colcon.colcon_ros.task.ament_cmake.build:Building ROS package in '/home/daniel/ros2_ws/src/edu_robocub_rescue_stack' with build type 'ament_cmake'
[3.541s] INFO:colcon.colcon_cmake.task.cmake.build:Building CMake package in '/home/daniel/ros2_ws/src/edu_robocub_rescue_stack'
[3.578s] INFO:colcon.colcon_core.plugin_system:Skipping extension 'colcon_core.shell.bat': Not used on non-Windows systems
[3.579s] INFO:colcon.colcon_core.shell:Skip shell extension 'powershell' for command environment: Not usable outside of PowerShell
[3.580s] DEBUG:colcon.colcon_core.shell:Skip shell extension 'dsv' for command environment
[3.694s] DEBUG:colcon.colcon_core.event_handler.log_command:Invoking command in '/home/daniel/ros2_ws/src/edu_robocub_rescue_stack/build/edu_robocup_rescue_stack': CMAKE_PREFIX_PATH=${CMAKE_PREFIX_PATH}:/home/daniel/ros2_ws/install/statistics_msgs:/home/daniel/ros2_ws/install/nav2_simple_commander:/home/daniel/ros2_ws/install/action_msgs:/opt/ros/humble /usr/bin/cmake --build /home/daniel/ros2_ws/src/edu_robocub_rescue_stack/build/edu_robocup_rescue_stack -- -j8 -l8
[4.327s] DEBUG:colcon.colcon_core.event_handler.log_command:Invoked command in '/home/daniel/ros2_ws/src/edu_robocub_rescue_stack/build/edu_robocup_rescue_stack' returned '0': CMAKE_PREFIX_PATH=${CMAKE_PREFIX_PATH}:/home/daniel/ros2_ws/install/statistics_msgs:/home/daniel/ros2_ws/install/nav2_simple_commander:/home/daniel/ros2_ws/install/action_msgs:/opt/ros/humble /usr/bin/cmake --build /home/daniel/ros2_ws/src/edu_robocub_rescue_stack/build/edu_robocup_rescue_stack -- -j8 -l8
[4.750s] DEBUG:colcon.colcon_core.event_handler.log_command:Invoking command in '/home/daniel/ros2_ws/src/edu_robocub_rescue_stack/build/edu_robocup_rescue_stack': CMAKE_PREFIX_PATH=${CMAKE_PREFIX_PATH}:/home/daniel/ros2_ws/install/statistics_msgs:/home/daniel/ros2_ws/install/nav2_simple_commander:/home/daniel/ros2_ws/install/action_msgs:/opt/ros/humble /usr/bin/cmake --install /home/daniel/ros2_ws/src/edu_robocub_rescue_stack/build/edu_robocup_rescue_stack
[4.827s] Level 1:colcon.colcon_core.environment:create_environment_scripts_only(edu_robocup_rescue_stack)
[4.890s] Level 1:colcon.colcon_core.environment:checking '/home/daniel/ros2_ws/src/edu_robocub_rescue_stack/install/edu_robocup_rescue_stack' for CMake module files
[4.903s] DEBUG:colcon.colcon_core.event_handler.log_command:Invoked command in '/home/daniel/ros2_ws/src/edu_robocub_rescue_stack/build/edu_robocup_rescue_stack' returned '0': CMAKE_PREFIX_PATH=${CMAKE_PREFIX_PATH}:/home/daniel/ros2_ws/install/statistics_msgs:/home/daniel/ros2_ws/install/nav2_simple_commander:/home/daniel/ros2_ws/install/action_msgs:/opt/ros/humble /usr/bin/cmake --install /home/daniel/ros2_ws/src/edu_robocub_rescue_stack/build/edu_robocup_rescue_stack
[4.905s] Level 1:colcon.colcon_core.environment:checking '/home/daniel/ros2_ws/src/edu_robocub_rescue_stack/install/edu_robocup_rescue_stack' for CMake config files
[4.907s] Level 1:colcon.colcon_core.shell:create_environment_hook('edu_robocup_rescue_stack', 'cmake_prefix_path')
[4.918s] INFO:colcon.colcon_core.shell:Creating environment hook '/home/daniel/ros2_ws/src/edu_robocub_rescue_stack/install/edu_robocup_rescue_stack/share/edu_robocup_rescue_stack/hook/cmake_prefix_path.ps1'
[4.922s] INFO:colcon.colcon_core.shell:Creating environment descriptor '/home/daniel/ros2_ws/src/edu_robocub_rescue_stack/install/edu_robocup_rescue_stack/share/edu_robocup_rescue_stack/hook/cmake_prefix_path.dsv'
[4.925s] INFO:colcon.colcon_core.shell:Creating environment hook '/home/daniel/ros2_ws/src/edu_robocub_rescue_stack/install/edu_robocup_rescue_stack/share/edu_robocup_rescue_stack/hook/cmake_prefix_path.sh'
[4.930s] Level 1:colcon.colcon_core.environment:checking '/home/daniel/ros2_ws/src/edu_robocub_rescue_stack/install/edu_robocup_rescue_stack/lib'
[4.931s] Level 1:colcon.colcon_core.environment:checking '/home/daniel/ros2_ws/src/edu_robocub_rescue_stack/install/edu_robocup_rescue_stack/bin'
[4.931s] Level 1:colcon.colcon_core.environment:checking '/home/daniel/ros2_ws/src/edu_robocub_rescue_stack/install/edu_robocup_rescue_stack/lib/pkgconfig/edu_robocup_rescue_stack.pc'
[4.933s] Level 1:colcon.colcon_core.environment:checking '/home/daniel/ros2_ws/src/edu_robocub_rescue_stack/install/edu_robocup_rescue_stack/lib/python3.10/site-packages'
[4.935s] Level 1:colcon.colcon_core.environment:checking '/home/daniel/ros2_ws/src/edu_robocub_rescue_stack/install/edu_robocup_rescue_stack/bin'
[4.948s] INFO:colcon.colcon_core.shell:Creating package script '/home/daniel/ros2_ws/src/edu_robocub_rescue_stack/install/edu_robocup_rescue_stack/share/edu_robocup_rescue_stack/package.ps1'
[4.954s] INFO:colcon.colcon_core.shell:Creating package descriptor '/home/daniel/ros2_ws/src/edu_robocub_rescue_stack/install/edu_robocup_rescue_stack/share/edu_robocup_rescue_stack/package.dsv'
[4.961s] INFO:colcon.colcon_core.shell:Creating package script '/home/daniel/ros2_ws/src/edu_robocub_rescue_stack/install/edu_robocup_rescue_stack/share/edu_robocup_rescue_stack/package.sh'
[4.968s] INFO:colcon.colcon_core.shell:Creating package script '/home/daniel/ros2_ws/src/edu_robocub_rescue_stack/install/edu_robocup_rescue_stack/share/edu_robocup_rescue_stack/package.bash'
[4.974s] INFO:colcon.colcon_core.shell:Creating package script '/home/daniel/ros2_ws/src/edu_robocub_rescue_stack/install/edu_robocup_rescue_stack/share/edu_robocup_rescue_stack/package.zsh'
[4.979s] Level 1:colcon.colcon_core.environment:create_file_with_runtime_dependencies(/home/daniel/ros2_ws/src/edu_robocub_rescue_stack/install/edu_robocup_rescue_stack/share/colcon-core/packages/edu_robocup_rescue_stack)
[5.346s] Level 1:colcon.colcon_core.environment:create_environment_scripts_only(edu_robocup_rescue_stack)
[5.359s] Level 1:colcon.colcon_core.environment:checking '/home/daniel/ros2_ws/src/edu_robocub_rescue_stack/install/edu_robocup_rescue_stack' for CMake module files
[5.363s] Level 1:colcon.colcon_core.environment:checking '/home/daniel/ros2_ws/src/edu_robocub_rescue_stack/install/edu_robocup_rescue_stack' for CMake config files
[5.367s] Level 1:colcon.colcon_core.shell:create_environment_hook('edu_robocup_rescue_stack', 'cmake_prefix_path')
[5.378s] INFO:colcon.colcon_core.shell:Creating environment hook '/home/daniel/ros2_ws/src/edu_robocub_rescue_stack/install/edu_robocup_rescue_stack/share/edu_robocup_rescue_stack/hook/cmake_prefix_path.ps1'
[5.380s] INFO:colcon.colcon_core.shell:Creating environment descriptor '/home/daniel/ros2_ws/src/edu_robocub_rescue_stack/install/edu_robocup_rescue_stack/share/edu_robocup_rescue_stack/hook/cmake_prefix_path.dsv'
[5.382s] INFO:colcon.colcon_core.shell:Creating environment hook '/home/daniel/ros2_ws/src/edu_robocub_rescue_stack/install/edu_robocup_rescue_stack/share/edu_robocup_rescue_stack/hook/cmake_prefix_path.sh'
[5.386s] Level 1:colcon.colcon_core.environment:checking '/home/daniel/ros2_ws/src/edu_robocub_rescue_stack/install/edu_robocup_rescue_stack/lib'
[5.386s] Level 1:colcon.colcon_core.environment:checking '/home/daniel/ros2_ws/src/edu_robocub_rescue_stack/install/edu_robocup_rescue_stack/bin'
[5.387s] Level 1:colcon.colcon_core.environment:checking '/home/daniel/ros2_ws/src/edu_robocub_rescue_stack/install/edu_robocup_rescue_stack/lib/pkgconfig/edu_robocup_rescue_stack.pc'
[5.388s] Level 1:colcon.colcon_core.environment:checking '/home/daniel/ros2_ws/src/edu_robocub_rescue_stack/install/edu_robocup_rescue_stack/lib/python3.10/site-packages'
[5.389s] Level 1:colcon.colcon_core.environment:checking '/home/daniel/ros2_ws/src/edu_robocub_rescue_stack/install/edu_robocup_rescue_stack/bin'
[5.398s] INFO:colcon.colcon_core.shell:Creating package script '/home/daniel/ros2_ws/src/edu_robocub_rescue_stack/install/edu_robocup_rescue_stack/share/edu_robocup_rescue_stack/package.ps1'
[5.402s] INFO:colcon.colcon_core.shell:Creating package descriptor '/home/daniel/ros2_ws/src/edu_robocub_rescue_stack/install/edu_robocup_rescue_stack/share/edu_robocup_rescue_stack/package.dsv'
[5.404s] INFO:colcon.colcon_core.shell:Creating package script '/home/daniel/ros2_ws/src/edu_robocub_rescue_stack/install/edu_robocup_rescue_stack/share/edu_robocup_rescue_stack/package.sh'
[5.407s] INFO:colcon.colcon_core.shell:Creating package script '/home/daniel/ros2_ws/src/edu_robocub_rescue_stack/install/edu_robocup_rescue_stack/share/edu_robocup_rescue_stack/package.bash'
[5.410s] INFO:colcon.colcon_core.shell:Creating package script '/home/daniel/ros2_ws/src/edu_robocub_rescue_stack/install/edu_robocup_rescue_stack/share/edu_robocup_rescue_stack/package.zsh'
[5.414s] Level 1:colcon.colcon_core.environment:create_file_with_runtime_dependencies(/home/daniel/ros2_ws/src/edu_robocub_rescue_stack/install/edu_robocup_rescue_stack/share/colcon-core/packages/edu_robocup_rescue_stack)
[5.415s] DEBUG:colcon.colcon_parallel_executor.executor.parallel:closing loop
[5.418s] DEBUG:colcon.colcon_parallel_executor.executor.parallel:loop closed
[5.418s] DEBUG:colcon.colcon_parallel_executor.executor.parallel:run_until_complete finished with '0'
[5.419s] DEBUG:colcon.colcon_core.event_reactor:joining thread
[5.459s] INFO:colcon.colcon_core.plugin_system:Skipping extension 'colcon_notification.desktop_notification.terminal_notifier': Not used on non-Darwin systems
[5.460s] INFO:colcon.colcon_core.plugin_system:Skipping extension 'colcon_notification.desktop_notification.win32': Not used on non-Windows systems
[5.461s] INFO:colcon.colcon_notification.desktop_notification:Sending desktop notification using 'notify2'
[5.552s] DEBUG:colcon.colcon_core.event_reactor:joined thread
[5.562s] INFO:colcon.colcon_core.shell:Creating prefix script '/home/daniel/ros2_ws/src/edu_robocub_rescue_stack/install/local_setup.ps1'
[5.571s] INFO:colcon.colcon_core.shell:Creating prefix util module '/home/daniel/ros2_ws/src/edu_robocub_rescue_stack/install/_local_setup_util_ps1.py'
[5.585s] INFO:colcon.colcon_core.shell:Creating prefix chain script '/home/daniel/ros2_ws/src/edu_robocub_rescue_stack/install/setup.ps1'
[5.602s] INFO:colcon.colcon_core.shell:Creating prefix script '/home/daniel/ros2_ws/src/edu_robocub_rescue_stack/install/local_setup.sh'
[5.607s] INFO:colcon.colcon_core.shell:Creating prefix util module '/home/daniel/ros2_ws/src/edu_robocub_rescue_stack/install/_local_setup_util_sh.py'
[5.611s] INFO:colcon.colcon_core.shell:Creating prefix chain script '/home/daniel/ros2_ws/src/edu_robocub_rescue_stack/install/setup.sh'
[5.628s] INFO:colcon.colcon_core.shell:Creating prefix script '/home/daniel/ros2_ws/src/edu_robocub_rescue_stack/install/local_setup.bash'
[5.631s] INFO:colcon.colcon_core.shell:Creating prefix chain script '/home/daniel/ros2_ws/src/edu_robocub_rescue_stack/install/setup.bash'
[5.644s] INFO:colcon.colcon_core.shell:Creating prefix script '/home/daniel/ros2_ws/src/edu_robocub_rescue_stack/install/local_setup.zsh'
[5.647s] INFO:colcon.colcon_core.shell:Creating prefix chain script '/home/daniel/ros2_ws/src/edu_robocub_rescue_stack/install/setup.zsh'
